<testsuites>
<testsuite name="Rollup logicmoo.base.examples.fol in /var/lib/jenkins/workspace/logicmoo_workspace/packs_sys/logicmoo_base/t/examples/fol" package="logicmoo.base.examples.fol" tests="0" failures="0" errors="0"  skipped="0">

<!-- Running Matching Tests: /var/lib/jenkins/workspace/logicmoo_workspace/bin/lmoo=junit=minor =k *f*_01.p*  -->

<!-- FileTestCase=logicmoo.base.examples.fol.MAKE_TYPES_WFF_01@Test_9999_Line_9999__Exitcode_7  -->

<!-- CMD=timeout ==foreground ==preserve=status =s SIGKILL =k 10s 10s lmoo=clif make_types_wff_01.pfc.pl  -->

<!--  (cd /var/lib/jenkins/workspace/logicmoo_workspace/packs_sys/logicmoo_base/t/examples/fol ; timeout ==foreground ==preserve=status =s SIGKILL =k 10s 10s lmoo=clif make_types_wff_01.pfc.pl)  -->

<!-- Latest: https://jenkins.logicmoo.org/job/logicmoo_workspace/lastBuild/testReport/logicmoo.base.examples.fol/MAKE_TYPES_WFF_01/logicmoo_base_examples_fol_MAKE_TYPES_WFF_01_Test_9999_Line_9999__Exitcode_7/  -->

<!-- This: https://jenkins.logicmoo.org/job/logicmoo_workspace/41/testReport/logicmoo.base.examples.fol/MAKE_TYPES_WFF_01/logicmoo_base_examples_fol_MAKE_TYPES_WFF_01_Test_9999_Line_9999__Exitcode_7/  -->

<!-- totalTime=2  -->

<!-- FAILED: /var/lib/jenkins/workspace/logicmoo_workspace/bin/lmoo=junit=minor =k make_types_wff_01.pfc.pl (returned 9)  -->

<testcase name="logicmoo.base.examples.fol.MAKE_TYPES_WFF_01@Test_9999_Line_9999__Exitcode_7" classname='logicmoo.base.examples.fol.MAKE_TYPES_WFF_01' time='2'>

 <failure message='FAILED: /var/lib/jenkins/workspace/logicmoo_workspace/bin/lmoo-junit-minor -k make_types_wff_01.pfc.pl (returned 9)'/><system-err><![CDATA[%
running('/var/lib/jenkins/workspace/logicmoo_workspace/packs_sys/logicmoo_base/t/examples/fol/make_types_wff_01.pfc.pl'),
%~ this_test_might_need( :-( use_module( library(logicmoo_plarkc))))


% =================================================================================
% Set our engine up
% =================================================================================

:- expects_dialect(clif).
% deduce instances from usages in args having the effect of deducing human,dwelling,beverage_class are classes

% deduce instances from usages in args having the effect of deducing human,dwelling,beverage_class are classes
==> feature_setting(make_wff,true).

==> feature_setting(add_admitted_arguments,true).
% set truth maintainance system to remove previous assertions that new assertions disagree with 

% set truth maintainance system to remove previous assertions that new assertions disagree with 
==> feature_setting(tms_mode,remove_conflicting).

:- set_prolog_flag(runtime_debug,3). % mention it when we remove previous assertions
 % mention it when we remove previous assertions
:- set_prolog_flag_until_eof(do_renames,mpred_expansion).
%:- set_prolog_flag_until_eof(runtime_speed,0). % but dont gripe about speed

%:- set_prolog_flag_until_eof(runtime_speed,0). % but dont gripe about speed
:- kif_compile.

% =================================================================================
% Define a couple classes
% =================================================================================

% this creates the servant datatype


% =================================================================================
% Define a couple classes
% =================================================================================

% this creates the servant datatype
==> all(X, if(isa(X,servant),livesAt(X, green_house))).

% this creates the human datatype as well as functions that in the future that are create to accept humans must also accept servants 


% this creates the human datatype as well as functions that in the future that are create to accept humans must also accept servants 
==> all(X, if(livesAt(X, green_house),isa(X,human))).

% =================================================================================
% Test 1
% =================================================================================



% =================================================================================
% Test 1
% =================================================================================

:- mpred_trace_exec.


% ?- mpred_test(all(X,if(isa(X,servant),isa(X,human)))).




% ?- mpred_test(all(X,if(isa(X,servant),isa(X,human)))).

==> isa(fred,servant).  

%~ message_hook_type(error)
%~ message_hook(
%~    error( syntax_error(operator_clash),
%~      file('/var/lib/jenkins/workspace/logicmoo_workspace/packs_sys/logicmoo_base/t/examples/fol/make_types_wff_01.pfc.pl',39,2,1585)),
%~    error,
%~    [ '~w:~d:~d: '-['/var/lib/jenkins/workspace/logicmoo_workspace/packs_sys/logicmoo_base/t/examples/fol/make_types_wff_01.pfc.pl',39,2], 'Syntax error: ','Operator priority clash'])
%~ /var/lib/jenkins/workspace/logicmoo_workspace/packs_sys/logicmoo_base/t/examples/fol/make_types_wff_01.pfc.pl:39 
%~ source_location('/var/lib/jenkins/workspace/logicmoo_workspace/packs_sys/logicmoo_base/t/examples/fol/make_types_wff_01.pfc.pl',39)
/*~
/var/lib/jenkins/workspace/logicmoo_workspace/packs_sys/logicmoo_base/t/examples/fol/make_types_wff_01.pfc.pl:39:2: Syntax error: Operator priority clash
ERROR: /var/lib/jenkins/workspace/logicmoo_workspace/packs_sys/logicmoo_base/t/examples/fol/make_types_wff_01.pfc.pl:39:2: Syntax error: Operator priority clash
~*/
  

:- mpred_test(isa(fred,human))

%?- all(X,t(OP,isa(X,human),~isa(X,servant))).
%OP = {A,B}/( if(~A,B) ).

:- mpred_test(all(X,if(isa(X,servant),isa(X,human)))). 

%~ /var/lib/jenkins/workspace/logicmoo_workspace/packs_sys/logicmoo_base/t/examples/fol/make_types_wff_01.pfc.pl:45 
%~ mpred_test("Test_0001_Line_0000__human_1",baseKB:all(_19544,if(~human(_19544),~servant(_19544))))
:- mpred_test(all(X,if(~isa(X,human),~isa(X,servant)))). /*~
%~ mpred_test("Test_0001_Line_0000__human_1",baseKB:all(_19544,if(~human(_19544),~servant(_19544))))
   Call: (68) [baseKB] baseKB:all(_19544, if(~human(_19544), ~servant(_19544)))
   Fail: (68) [baseKB] baseKB:all(_19544, if(~human(_19544), ~servant(_19544)))
^  Call: (68) [must_sanity] must_sanity:mquietly_if(true, rtrace:tAt_normal)
^  Unify: (68) [must_sanity] must_sanity:mquietly_if(true, rtrace:tAt_normal)
failure=info((why_was_true(baseKB:(\+all(_19544,if(~human(_19544),~servant(_19544))))),rtrace(baseKB:all(_19544,if(~human(_19544),~servant(_19544))))))
no_proof_for(\+all(X,if(~human(X),~servant(X)))).

no_proof_for(\+all(X,if(~human(X),~servant(X)))).

no_proof_for(\+all(X,if(~human(X),~servant(X)))).

	name	='logicmoo.base.examples.fol.MAKE_TYPES_WFF_01-Test_0001_Line_0000__human_1'.
	JUNIT_CLASSNAME	='logicmoo.base.examples.fol.MAKE_TYPES_WFF_01'.
	JUNIT_CMD	='timeout --foreground --preserve-status -s SIGKILL -k 10s 10s lmoo-clif make_types_wff_01.pfc.pl'.
% saving_junit: /var/lib/jenkins/workspace/logicmoo_workspace/test_results/jenkins/Report-logicmoo-junit-examples-fol-vSTARvfvSTARv_01vDOTvpvSTARv-Units-logicmoo.base.examples.fol.MAKE_TYPES_WFF_01-Test_0001_Line_0000__human_1-junit.xml
~*/
%~ unused(save_junit_results)
%~ test_completed_exit(9)
:- dynamic junit_prop/3.


:- dynamic junit_prop/3.


:- dynamic junit_prop/3.

junit_prop('logicmoo.base.examples.fol.MAKE_TYPES_WFF_01@Test_9999_Line_9999__Exitcode_7', error, "/var/lib/jenkins/workspace/logicmoo_workspace/packs_sys/logicmoo_base/t/examples/fol/make_types_wff_01.pfc.pl:39:2: Syntax error: Operator priority clash").

totalTime=2

FAILED: /var/lib/jenkins/workspace/logicmoo_workspace/bin/lmoo-junit-minor -k make_types_wff_01.pfc.pl (returned 9)]]></system-err>
</testcase> JUNIT_TESTS_GTOTAL_FAILURES=1

<!-- FileTestCase=logicmoo.base.examples.fol.KIF_SANITY_01@Test_9999_Line_9999__Exitcode_7  -->

<!-- CMD=timeout ==foreground ==preserve=status =s SIGKILL =k 10s 10s lmoo=clif kif_sanity_01.pfc.pl  -->

<!--  (cd /var/lib/jenkins/workspace/logicmoo_workspace/packs_sys/logicmoo_base/t/examples/fol ; timeout ==foreground ==preserve=status =s SIGKILL =k 10s 10s lmoo=clif kif_sanity_01.pfc.pl)  -->

<!-- Latest: https://jenkins.logicmoo.org/job/logicmoo_workspace/lastBuild/testReport/logicmoo.base.examples.fol/KIF_SANITY_01/logicmoo_base_examples_fol_KIF_SANITY_01_Test_9999_Line_9999__Exitcode_7/  -->

<!-- This: https://jenkins.logicmoo.org/job/logicmoo_workspace/41/testReport/logicmoo.base.examples.fol/KIF_SANITY_01/logicmoo_base_examples_fol_KIF_SANITY_01_Test_9999_Line_9999__Exitcode_7/  -->

<!-- totalTime=1  -->

<!-- FAILED: /var/lib/jenkins/workspace/logicmoo_workspace/bin/lmoo=junit=minor =k kif_sanity_01.pfc.pl (returned 1)  -->

<testcase name="logicmoo.base.examples.fol.KIF_SANITY_01@Test_9999_Line_9999__Exitcode_7" classname='logicmoo.base.examples.fol.KIF_SANITY_01' time='1'>

 <failure message='FAILED: /var/lib/jenkins/workspace/logicmoo_workspace/bin/lmoo-junit-minor -k kif_sanity_01.pfc.pl (returned 1)'/><system-err><![CDATA[%
running('/var/lib/jenkins/workspace/logicmoo_workspace/packs_sys/logicmoo_base/t/examples/fol/kif_sanity_01.pfc.pl'),
%~ this_test_might_need( :-( use_module( library(logicmoo_plarkc))))



:- discontiguous kif_sanity_test_0/0.





kif_sanity_test_0:- kif_test(
"
% )
tell.

all(R,room(R) => exists(D, (door(D) & has(R,D)))).
room(room1).

ask.

room(What).

door(What).

:- kif_add(a(XX) & b(XX) => c(XX)).
:- kif_add(all(R,room(R) => exists(D, (door(D) & has(R,D))))).
:- kif_add(loves(Child,fatherFn(Child))).
:- kif_add((p => q)).
:- kif_add(~p <=> ~q).
:- kif_add(p <=> q).
:- kif_add(all(P, person(P) => -exists(D, dollar(D) & has(P,D)))).

:- kif_add(go(sam) & (go(bill) v go(sally) ) & go(nancy)).

:- kif_add(rains_tuesday => wear_rain_gear xor carry_umbrella).
:- kif_add(exists(P, (person(P) & all(C, car(C) => ~has(P,C))))).

/*
:- kif_add(room(R) => exists(D, (door(D) & has(R,D)))).
:- kif_add((goes(jane) xor goes(sandra) => goes(bill))).
:- kif_add(exists(P, exists(C, (person(P) & car(C) & has(P,C))))).
:- kif_add(~all(P,person(P) => exists(C, car(C) & has(P,C)))).
:- kif_add((go(sam) & go(bill)) v (go(sally) & go(nancy))).
:- kif_add(go(sam) & (go(bill) v go(sally) ) & go(nancy)).
:- kif_add(exists(C, course(C) & exists(MT1, midterm(C,MT1) & exists(MT2, midterm(C,MT2) & different(MT1,MT2))))).
:- kif_add(exists(C, course(C) & ~exists(MT3, midterm(C,MT3)))).
*/

"
).


%~ message_hook_type(error)
%~ message_hook(
%~    initialization_exception( must_sanity : e( must_sanity : e( error(
%~                                                                   permission_error(modify,static_procedure,baseKB:kif_sanity_test_0/0),
%~                                                                   context(system:assertz/1,Context_Kw)),
%~                                                                baseKB : assert_to_mu( kif_sanity_test_0 :- kif_test("
% )
tell.

all(R,room(R) => exists(D, (door(D) & has(R,D)))).
room(room1).

ask.

room(What).

door(What).

:- kif_add(a(XX) & b(XX) => c(XX)).
:- kif_add(all(R,room(R) => exists(D, (door(D) & has(R,D))))).
:- kif_add(loves(Child,fatherFn(Child))).
:- kif_add((p => q)).
:- kif_add(~p <=> ~q).
:- kif_add(p <=> q).
:- kif_add(all(P, person(P) => -exists(D, dollar(D) & has(P,D)))).

:- kif_add(go(sam) & (go(bill) v go(sally) ) & go(nancy)).

:- kif_add(rains_tuesday => wear_rain_gear xor carry_umbrella).
:- kif_add(exists(P, (person(P) & all(C, car(C) => ~has(P,C))))).

/*
:- kif_add(room(R) => exists(D, (door(D) & has(R,D)))).
:- kif_add((goes(jane) xor goes(sandra) => goes(bill))).
:- kif_add(exists(P, exists(C, (person(P) & car(C) & has(P,C))))).
:- kif_add(~all(P,person(P) => exists(C, car(C) & has(P,C)))).
:- kif_add((go(sam) & go(bill)) v (go(sally) & go(nancy))).
:- kif_add(go(sam) & (go(bill) v go(sally) ) & go(nancy)).
:- kif_add(exists(C, course(C) & exists(MT1, midterm(C,MT1) & exists(MT2, midterm(C,MT2) & different(MT1,MT2))))).
:- kif_add(exists(C, course(C) & ~exists(MT3, midterm(C,MT3)))).
*/

"))),
%~                                               baseKB : ain_fast(
%~                                                           baseKB : kif_sanity_test_0 :- kif_test("
% )
tell.

all(R,room(R) => exists(D, (door(D) & has(R,D)))).
room(room1).

ask.

room(What).

door(What).

:- kif_add(a(XX) & b(XX) => c(XX)).
:- kif_add(all(R,room(R) => exists(D, (door(D) & has(R,D))))).
:- kif_add(loves(Child,fatherFn(Child))).
:- kif_add((p => q)).
:- kif_add(~p <=> ~q).
:- kif_add(p <=> q).
:- kif_add(all(P, person(P) => -exists(D, dollar(D) & has(P,D)))).

:- kif_add(go(sam) & (go(bill) v go(sally) ) & go(nancy)).

:- kif_add(rains_tuesday => wear_rain_gear xor carry_umbrella).
:- kif_add(exists(P, (person(P) & all(C, car(C) => ~has(P,C))))).

/*
:- kif_add(room(R) => exists(D, (door(D) & has(R,D)))).
:- kif_add((goes(jane) xor goes(sandra) => goes(bill))).
:- kif_add(exists(P, exists(C, (person(P) & car(C) & has(P,C))))).
:- kif_add(~all(P,person(P) => exists(C, car(C) & has(P,C)))).
:- kif_add((go(sam) & go(bill)) v (go(sally) & go(nancy))).
:- kif_add(go(sam) & (go(bill) v go(sally) ) & go(nancy)).
:- kif_add(exists(C, course(C) & exists(MT1, midterm(C,MT1) & exists(MT2, midterm(C,MT2) & different(MT1,MT2))))).
:- kif_add(exists(C, course(C) & ~exists(MT3, midterm(C,MT3)))).
*/

"),
%~                                                           ( mfl4(BaseKB,baseKB,'/var/lib/jenkins/workspace/logicmoo_workspace/packs_sys/logicmoo_base/t/examples/fol/kif_sanity_01.pfc.pl',46) ,
%~                                                             ax)))),
%~    error,
%~    [ 'Prolog initialisation failed:',
%~      nl,
%~      'Unknown message: ~p' - [ must_sanity : e( must_sanity : e( error(
%~                                                                     permission_error(modify,static_procedure,baseKB:kif_sanity_test_0/0),
%~                                                                     context(system:assertz/1,Context_Kw)),
%~                                                                  baseKB : assert_to_mu( kif_sanity_test_0 :- kif_test("
% )
tell.

all(R,room(R) => exists(D, (door(D) & has(R,D)))).
room(room1).

ask.

room(What).

door(What).

:- kif_add(a(XX) & b(XX) => c(XX)).
:- kif_add(all(R,room(R) => exists(D, (door(D) & has(R,D))))).
:- kif_add(loves(Child,fatherFn(Child))).
:- kif_add((p => q)).
:- kif_add(~p <=> ~q).
:- kif_add(p <=> q).
:- kif_add(all(P, person(P) => -exists(D, dollar(D) & has(P,D)))).

:- kif_add(go(sam) & (go(bill) v go(sally) ) & go(nancy)).

:- kif_add(rains_tuesday => wear_rain_gear xor carry_umbrella).
:- kif_add(exists(P, (person(P) & all(C, car(C) => ~has(P,C))))).

/*
:- kif_add(room(R) => exists(D, (door(D) & has(R,D)))).
:- kif_add((goes(jane) xor goes(sandra) => goes(bill))).
:- kif_add(exists(P, exists(C, (person(P) & car(C) & has(P,C))))).
:- kif_add(~all(P,person(P) => exists(C, car(C) & has(P,C)))).
:- kif_add((go(sam) & go(bill)) v (go(sally) & go(nancy))).
:- kif_add(go(sam) & (go(bill) v go(sally) ) & go(nancy)).
:- kif_add(exists(C, course(C) & exists(MT1, midterm(C,MT1) & exists(MT2, midterm(C,MT2) & different(MT1,MT2))))).
:- kif_add(exists(C, course(C) & ~exists(MT3, midterm(C,MT3)))).
*/

"))),
%~                                                 baseKB : ain_fast(
%~                                                             baseKB : kif_sanity_test_0 :- kif_test("
% )
tell.

all(R,room(R) => exists(D, (door(D) & has(R,D)))).
room(room1).

ask.

room(What).

door(What).

:- kif_add(a(XX) & b(XX) => c(XX)).
:- kif_add(all(R,room(R) => exists(D, (door(D) & has(R,D))))).
:- kif_add(loves(Child,fatherFn(Child))).
:- kif_add((p => q)).
:- kif_add(~p <=> ~q).
:- kif_add(p <=> q).
:- kif_add(all(P, person(P) => -exists(D, dollar(D) & has(P,D)))).

:- kif_add(go(sam) & (go(bill) v go(sally) ) & go(nancy)).

:- kif_add(rains_tuesday => wear_rain_gear xor carry_umbrella).
:- kif_add(exists(P, (person(P) & all(C, car(C) => ~has(P,C))))).

/*
:- kif_add(room(R) => exists(D, (door(D) & has(R,D)))).
:- kif_add((goes(jane) xor goes(sandra) => goes(bill))).
:- kif_add(exists(P, exists(C, (person(P) & car(C) & has(P,C))))).
:- kif_add(~all(P,person(P) => exists(C, car(C) & has(P,C)))).
:- kif_add((go(sam) & go(bill)) v (go(sally) & go(nancy))).
:- kif_add(go(sam) & (go(bill) v go(sally) ) & go(nancy)).
:- kif_add(exists(C, course(C) & exists(MT1, midterm(C,MT1) & exists(MT2, midterm(C,MT2) & different(MT1,MT2))))).
:- kif_add(exists(C, course(C) & ~exists(MT3, midterm(C,MT3)))).
*/

"),
%~                                                             ( mfl4(BaseKB,baseKB,'/var/lib/jenkins/workspace/logicmoo_workspace/packs_sys/logicmoo_base/t/examples/fol/kif_sanity_01.pfc.pl',46) ,
%~                                                               ax)))]])
%~ unused(save_junit_results)
totalTime=1

FAILED: /var/lib/jenkins/workspace/logicmoo_workspace/bin/lmoo-junit-minor -k kif_sanity_01.pfc.pl (returned 1)]]></system-err>
</testcase> JUNIT_TESTS_GTOTAL_FAILURES=1

<!-- ans=y  -->

<!-- FileTestCase=logicmoo.base.examples.fol.KIF_IO_TEST_01@Test_9999_Line_9999__Exitcode_7  -->

<!-- CMD=timeout ==foreground ==preserve=status =s SIGKILL =k 10s 10s lmoo=clif kif_io_test_01.pl  -->

<!--  (cd /var/lib/jenkins/workspace/logicmoo_workspace/packs_sys/logicmoo_base/t/examples/fol ; timeout ==foreground ==preserve=status =s SIGKILL =k 10s 10s lmoo=clif kif_io_test_01.pl)  -->

<!-- Latest: https://jenkins.logicmoo.org/job/logicmoo_workspace/lastBuild/testReport/logicmoo.base.examples.fol/KIF_IO_TEST_01/logicmoo_base_examples_fol_KIF_IO_TEST_01_Test_9999_Line_9999__Exitcode_7/  -->

<!-- This: https://jenkins.logicmoo.org/job/logicmoo_workspace/41/testReport/logicmoo.base.examples.fol/KIF_IO_TEST_01/logicmoo_base_examples_fol_KIF_IO_TEST_01_Test_9999_Line_9999__Exitcode_7/  -->

<!-- totalTime=2  -->

<!-- SUCCESS: /var/lib/jenkins/workspace/logicmoo_workspace/bin/lmoo=junit=minor =k kif_io_test_01.pl (returned 7)  -->

<testcase name="logicmoo.base.examples.fol.KIF_IO_TEST_01@Test_9999_Line_9999__Exitcode_7" classname='logicmoo.base.examples.fol.KIF_IO_TEST_01' time='2'>

<system-out><![CDATA[%
running('/var/lib/jenkins/workspace/logicmoo_workspace/packs_sys/logicmoo_base/t/examples/fol/kif_io_test_01.pl'),
%~ this_test_might_need( :-( use_module( library(logicmoo_plarkc))))
%~ this_test_might_need( :-( expects_dialect(pfc)))


% 
% Alternatively..
% :- prolog_load_context(stream,Stream), load_clif(Stream).
:- kif_io.

%~ comment("; Module - Test Puzzle in CLIF for SWI-Prolog")
%~ /var/lib/jenkins/workspace/logicmoo_workspace/packs_sys/logicmoo_base/t/examples/fol/kif_io_test_01.pl:88 
%~ comment("; Maintainer: Douglas Miles")
%~ comment("; Load with  ?- load_clif(pack(logicmoo_base/t/examples/fol/'exactly_01.clif'))")
%~ comment("; causes deduction of argument types")
%~ comment("; (:- (ensure_loaded (library logicmoo_clif)))")
%~ 'set-kif-option'('assume-wff')

%~ debugm( common_logic_loader,
%~   show_success( common_logic_loader,
%~     common_logic_loader : ain( clif( call-prolog( '$STRING'("

:- dbreq(retractall(clif(_))).

"))))))
%~ azzert_rename('call-prolog',callProlog)
%~ kifi = callProlog( '$STRING'("

:- dbreq(retractall(clif(_))).

")).
%~ kifm = nesc( callProlog( '$STRING'("

:- dbreq(retractall(clif(_))).

"))).

%~ debugm( common_logic_loader,
%~   show_success(common_logic_loader,common_logic_loader:ain(clif(domain(hasName,1,tAgent)))))
%~ kifi = argIsa(hasName,1,tAgent).
%~ kifm = nesc( argIsa(hasName,1,tAgent)).

%~ debugm(common_logic_loader,show_success(common_logic_loader,common_logic_loader:ain(clif(domain(hasName,2,tName)))))
%~ kifi = argIsa(hasName,2,tName).
%~ kifm = nesc( argIsa(hasName,2,tName)).

%~ debugm( common_logic_loader,
%~   show_success(common_logic_loader,common_logic_loader:ain(clif(argQuotedIsa(hasName,2,ftString)))))
%~ kifi = argQuotedIsa(hasName,2,ftString).
%~ kifm = nesc( argQuotedIsa(hasName,2,ftString)).

%~ debugm( common_logic_loader,
%~   show_success(common_logic_loader,common_logic_loader:ain(clif(domain(address,1,tHouse)))))
%~ kifi = argIsa(address,1,tHouse).
%~ kifm = nesc( argIsa(address,1,tHouse)).

%~ debugm( common_logic_loader,
%~   show_success(common_logic_loader,common_logic_loader:ain(clif(domain(address,2,tAddress)))))
%~ kifi = argIsa(address,2,tAddress).
%~ kifm = nesc( argIsa(address,2,tAddress)).

%~ comment("; Special Logicmoo operator specific to forward chaining")
%~ comment("; (==> (and (domain ?P ?n ?c) (admittedArgument ?p ?n ?i)) (instance ?i ?c))")
%~ comment(" ============================================================")
%~ comment(" Devil has exactly one name")
%~ comment(" ============================================================")
%~ debugm( common_logic_loader,
%~   show_success( common_logic_loader,
%~     common_logic_loader : ain( clif( exactly(1,[[Name,tName]],hasName('Devil',Name))))))
%~ correct_special_quantifiers :- quant( exactly(1),
%~                                  Name,
%~                                  hasName('Devil',Name)&isa(Name,tName)).
%~ kifi = exactly(1,[[Name,tName]],hasName('Devil',Name)).
%~ kifm = nesc( quant(exactly(1),Name,hasName('Devil',Name)&isa(Name,tName))).
%~ w_o_c(
%~    error = error(uninstantiation_error(Name),context(put_attr/3,'1-st argument')),
%~    common_logic_loader : kif_to_boxlog(
%~                             exactly(1,[[Name,tName]],hasName('Devil',Name)), KB,rule7:0,
%~                             _984))
%~ FIlE: * https://logicmoo.org:2082/gitlab/logicmoo/logicmoo_workspace/-/blob/master/packs_sys/logicmoo_base/t/examples/fol/kif_io_test_01.pl#L88  
%~ w_o_c(
%~    error = error(uninstantiation_error(Name),context(put_attr/3,'1-st argument')),
%~    common_logic_loader : kif_to_boxlog(
%~                             exactly(1,[[Name,tName]],hasName('Devil',Name)), KB,rule7:0,
%~                             _984))
%~ correct_special_quantifiers :- quant( exactly(1),%~                                  Name,%~                                  hasName('Devil',Name)&isa(Name,tName)).%~ kifi = exactly(1,[[Name,tName]],hasName('Devil',Name)).%~ kifm = nesc( quant(exactly(1),Name,hasName('Devil',Name)&isa(Name,tName))).%~ as_sigma :- necessary( quant(exactly(1),Name,and(hasName('Devil',Name),isa(Name,tName)))).%~ as_dlog :- ( nesc( ( nesc( ~( quant(exactly(1),Name,isa(Name,tName)))) v%~                      quant(exactly(1),Name,hasName('Devil',Name)))) &%~              nesc( ( nesc( ~( quant(exactly(1),Name,hasName('Devil',Name)))) v%~                      quant(exactly(1),Name,isa(Name,tName))))).
%~ debugm(common_logic_loader,show_success(common_logic_loader,common_logic_loader:ain(clif(if(and(a,b),c)))))
%~ kifi = if(and(a,b),c).
%~ kifm = nesc( (a&b)=>c).

%~ kifi = if(and(a,b),c).
%~ kifm = nesc( (a&b)=>c).
%~ comment(" ============================================================")
%~ comment(" if a and be then c")
%~ comment(" ============================================================")
%~ comment(" ============================================================")
%~ comment(" Exactly 1 - CYCL")
%~ comment(" ============================================================")
%~ debugm( common_logic_loader,
%~   show_success( common_logic_loader,
%~     common_logic_loader : ain( clif( thereExistExactly(1,H1,and(isa(H1,tHouse),memberOf(H1,tOneHouseSet)))))))
%~ kifi = thereExistExactly(1,H1,and(tHouse(H1),memberOf(H1,tOneHouseSet))).
%~ kifm = nesc( thereExistExactly(1,H1,tHouse(H1)&memberOf(H1,tOneHouseSet))).

%~ comment(" ============================================================")
%~ comment(" Exactly 1 - KIF")
%~ comment(" ============================================================")
%~ debugm( common_logic_loader,
%~   show_success( common_logic_loader,
%~     common_logic_loader : ain( clif( exactly(1,[[H1,tHouse]],memberOf(H1,tOneHouseSet))))))
%~ correct_special_quantifiers :- quant( exactly(1),
%~                                  H1,
%~                                  memberOf(H1,tOneHouseSet)&isa(H1,tHouse)).
%~ kifi = exactly(1,[[H1,tHouse]],memberOf(H1,tOneHouseSet)).
%~ kifm = nesc( quant(exactly(1),H1,memberOf(H1,tOneHouseSet)&isa(H1,tHouse))).
%~ w_o_c(
%~    error = error(uninstantiation_error(H1),context(put_attr/3,'1-st argument')),
%~    common_logic_loader : kif_to_boxlog(
%~                             exactly(1,[[H1,tHouse]],memberOf(H1,tOneHouseSet)), KB,rule11:0,
%~                             _1116))
%~ FILE: * https://logicmoo.org:2082/gitlab/logicmoo/logicmoo_workspace/-/blob/master/packs_sys/logicmoo_base/t/examples/fol/kif_io_test_01.pl#L88  
%~ w_o_c(
%~    error = error(uninstantiation_error(H1),context(put_attr/3,'1-st argument')),
%~    common_logic_loader : kif_to_boxlog(
%~                             exactly(1,[[H1,tHouse]],memberOf(H1,tOneHouseSet)), KB,rule11:0,
%~                             _1116))
%~ correct_special_quantifiers :- quant( exactly(1),%~                                  H1,%~                                  memberOf(H1,tOneHouseSet)&isa(H1,tHouse)).%~ kifi = exactly(1,[[H1,tHouse]],memberOf(H1,tOneHouseSet)).%~ kifm = nesc( quant(exactly(1),H1,memberOf(H1,tOneHouseSet)&isa(H1,tHouse))).%~ as_sigma :- necessary( quant(exactly(1),H1,and(memberOf(H1,tOneHouseSet),isa(H1,tHouse)))).%~ as_dlog :- ( nesc( ( nesc( ~( quant(exactly(1),H1,isa(H1,tHouse)))) v%~                      quant(exactly(1),H1,memberOf(H1,tOneHouseSet)))) &%~              nesc( ( nesc( ~( quant(exactly(1),H1,memberOf(H1,tOneHouseSet)))) v%~                      quant(exactly(1),H1,isa(H1,tHouse))))).
%~ debugm( common_logic_loader,
%~   show_success( common_logic_loader,
%~     common_logic_loader : ain( clif( exactly(2,[[H1,tHouse]],memberOf(H1,tTwoHouseSet))))))
%~ correct_special_quantifiers :- quant( exactly(2),
%~                                  H1,
%~                                  memberOf(H1,tTwoHouseSet)&isa(H1,tHouse)).
%~ kifi = exactly(2,[[H1,tHouse]],memberOf(H1,tTwoHouseSet)).
%~ kifm = nesc( quant(exactly(2),H1,memberOf(H1,tTwoHouseSet)&isa(H1,tHouse))).
%~ w_o_c(
%~    error = error(uninstantiation_error(H1),context(put_attr/3,'1-st argument')),
%~    common_logic_loader : kif_to_boxlog(
%~                             exactly(2,[[H1,tHouse]],memberOf(H1,tTwoHouseSet)), KB,rule12:0,
%~                             _1830294))
%~ FIlE: * https://logicmoo.org:2082/gitlab/logicmoo/logicmoo_workspace/-/blob/master/packs_sys/logicmoo_base/t/examples/fol/kif_io_test_01.pl#L88  
%~ w_o_c(
%~    error = error(uninstantiation_error(H1),context(put_attr/3,'1-st argument')),
%~    common_logic_loader : kif_to_boxlog(
%~                             exactly(2,[[H1,tHouse]],memberOf(H1,tTwoHouseSet)), KB,rule12:0,
%~                             _1830294))
%~ correct_special_quantifiers :- quant( exactly(2),%~                                  H1,%~                                  memberOf(H1,tTwoHouseSet)&isa(H1,tHouse)).%~ kifi = exactly(2,[[H1,tHouse]],memberOf(H1,tTwoHouseSet)).%~ kifm = nesc( quant(exactly(2),H1,memberOf(H1,tTwoHouseSet)&isa(H1,tHouse))).%~ as_sigma :- necessary( quant(exactly(2),H1,and(memberOf(H1,tTwoHouseSet),isa(H1,tHouse)))).%~ as_dlog :- ( nesc( ( nesc( ~( quant(exactly(2),H1,isa(H1,tHouse)))) v%~                      quant(exactly(2),H1,memberOf(H1,tTwoHouseSet)))) &%~              nesc( ( nesc( ~( quant(exactly(2),H1,memberOf(H1,tTwoHouseSet)))) v%~                      quant(exactly(2),H1,isa(H1,tHouse))))).
%~ debugm( common_logic_loader,
%~   show_success( common_logic_loader,
%~     common_logic_loader : ain( clif( exactly(5,[[H1,tHouse]],memberOf(H1,tFiveHouseSet))))))
%~ correct_special_quantifiers :- quant( exactly(5),
%~                                  H1,
%~                                  memberOf(H1,tFiveHouseSet)&isa(H1,tHouse)).
%~ kifi = exactly(5,[[H1,tHouse]],memberOf(H1,tFiveHouseSet)).
%~ kifm = nesc( quant(exactly(5),H1,memberOf(H1,tFiveHouseSet)&isa(H1,tHouse))).
%~ w_o_c(
%~    error = error(uninstantiation_error(H1),context(put_attr/3,'1-st argument')),
%~    common_logic_loader : kif_to_boxlog(
%~                             exactly(5,[[H1,tHouse]],memberOf(H1,tFiveHouseSet)), KB,rule13:0,
%~                             _4150384))
%~ FILE: * https://logicmoo.org:2082/gitlab/logicmoo/logicmoo_workspace/-/blob/master/packs_sys/logicmoo_base/t/examples/fol/kif_io_test_01.pl#L88  
%~ w_o_c(
%~    error = error(uninstantiation_error(H1),context(put_attr/3,'1-st argument')),
%~    common_logic_loader : kif_to_boxlog(
%~                             exactly(5,[[H1,tHouse]],memberOf(H1,tFiveHouseSet)), KB,rule13:0,
%~                             _4150384))
%~ correct_special_quantifiers :- quant( exactly(5),%~                                  H1,%~                                  memberOf(H1,tFiveHouseSet)&isa(H1,tHouse)).%~ kifi = exactly(5,[[H1,tHouse]],memberOf(H1,tFiveHouseSet)).%~ kifm = nesc( quant(exactly(5),H1,memberOf(H1,tFiveHouseSet)&isa(H1,tHouse))).%~ as_sigma :- necessary( quant(exactly(5),H1,and(memberOf(H1,tFiveHouseSet),isa(H1,tHouse)))).%~ as_dlog :- ( nesc( ( nesc( ~( quant(exactly(5),H1,isa(H1,tHouse)))) v%~                      quant(exactly(5),H1,memberOf(H1,tFiveHouseSet)))) &%~              nesc( ( nesc( ~( quant(exactly(5),H1,memberOf(H1,tFiveHouseSet)))) v%~                      quant(exactly(5),H1,isa(H1,tHouse))))).
%~ debugm( common_logic_loader,
%~   show_success( common_logic_loader,
%~     common_logic_loader : ain( clif( comment( 'ThisFile666',
%~                                        '$STRING'("

There should be at most 8 houses with assertions about them.
And at least 5 houses.


(isa ?X tHouse)



"))))))
%~ kifm = comment( 'ThisFile666',
%~          '$STRING'("

There should be at most 8 houses with assertions about them.
And at least 5 houses.


(isa ?X tHouse)



")).

%~ comment(" ============================================================")
%~ comment(" Exactly 2")
%~ comment(" ============================================================")
%~ comment(" ============================================================")
%~ comment(" Exactly 5")
%~ comment(" ============================================================")
/*~
t_l:kif_action_mode(tell)




=======================================================
'call-prolog'('$STRING'("

:- dbreq(retractall(clif(_))).

"))
============================================


?- kif_to_boxlog( 'call-prolog'('$STRING'("

:- dbreq(retractall(clif(_))).

")) ).



% In English: 
%~ %%%%%%%%%%%%%%%%%%%%%%%%%%%%%%%%%%%%%%%%
%~  "

:- dbreq(retractall(clif(_))).

" isa '$STRING' isa 'call-prolog'
%~ 
%~ %%%%%%%%%%%%%%%%%%%%%%%%%%%%%%%%%%%%%%%%
%~ kifi=callProlog('$STRING'("

:- dbreq(retractall(clif(_))).

"))
%~ kifm=nesc(callProlog('$STRING'("

:- dbreq(retractall(clif(_))).

")))
%~ kif_to_boxlog_attvars2 = necessary(callProlog('$STRING'("

:- dbreq(retractall(clif(_))).

")))

%%%%%%%%%%%%%%%%%%%%%%%%%%%%%%%%%%%%%%%%
% Results in the following 1 entailment(s): 
nesc(callProlog('$STRING'("

:- dbreq(retractall(clif(_))).

"))).

%%%%%%%%%%%%%%%%%%%%%%%%%%%%%%%%%%%%%%%%
%~ %%%%%%%%%%%%%%%%%%%%%%%%%%%%%%%%%%%%%%%%
%~  it is necessarily true that "

:- dbreq(retractall(clif(_))).

" isa '$STRING' isa callProlog
%~ 
%~ %%%%%%%%%%%%%%%%%%%%%%%%%%%%%%%%%%%%%%%%

nesc( callProlog( '$STRING'("

:- dbreq(retractall(clif(_))).

"))).

============================================



=======================================================
domain(hasName,1,tAgent)
============================================


?- kif_to_boxlog( domain(hasName,1,tAgent) ).



% In English: 
%~ %%%%%%%%%%%%%%%%%%%%%%%%%%%%%%%%%%%%%%%%
%~  domain(hasName,1,tAgent)
%~ 
%~ %%%%%%%%%%%%%%%%%%%%%%%%%%%%%%%%%%%%%%%%
%~ kifi=argIsa(hasName,1,tAgent)
%~ kifm=nesc(argIsa(hasName,1,tAgent))
%~ kif_to_boxlog_attvars2 = necessary(argIsa(hasName,1,tAgent))

%%%%%%%%%%%%%%%%%%%%%%%%%%%%%%%%%%%%%%%%
% Results in the following 1 entailment(s): 
nesc(argIsa(hasName,1,tAgent)).

%%%%%%%%%%%%%%%%%%%%%%%%%%%%%%%%%%%%%%%%
%~ %%%%%%%%%%%%%%%%%%%%%%%%%%%%%%%%%%%%%%%%
%~  it is necessarily true that argIsa(hasName,1,tAgent)
%~ 
%~ %%%%%%%%%%%%%%%%%%%%%%%%%%%%%%%%%%%%%%%%

nesc( argIsa(hasName,1,tAgent)).

============================================



=======================================================
domain(hasName,2,tName)
============================================


?- kif_to_boxlog( domain(hasName,2,tName) ).



% In English: 
%~ %%%%%%%%%%%%%%%%%%%%%%%%%%%%%%%%%%%%%%%%
%~  domain(hasName,2,tName)
%~ 
%~ %%%%%%%%%%%%%%%%%%%%%%%%%%%%%%%%%%%%%%%%
%~ kifi=argIsa(hasName,2,tName)
%~ kifm=nesc(argIsa(hasName,2,tName))
%~ kif_to_boxlog_attvars2 = necessary(argIsa(hasName,2,tName))

%%%%%%%%%%%%%%%%%%%%%%%%%%%%%%%%%%%%%%%%
% Results in the following 1 entailment(s): 
nesc(argIsa(hasName,2,tName)).

%%%%%%%%%%%%%%%%%%%%%%%%%%%%%%%%%%%%%%%%
%~ %%%%%%%%%%%%%%%%%%%%%%%%%%%%%%%%%%%%%%%%
%~  it is necessarily true that argIsa(hasName,2,tName)
%~ 
%~ %%%%%%%%%%%%%%%%%%%%%%%%%%%%%%%%%%%%%%%%

nesc( argIsa(hasName,2,tName)).

============================================



=======================================================
argQuotedIsa(hasName,2,ftString)
============================================


?- kif_to_boxlog( argQuotedIsa(hasName,2,ftString) ).



% In English: 
%~ %%%%%%%%%%%%%%%%%%%%%%%%%%%%%%%%%%%%%%%%
%~  argQuotedIsa(hasName,2,ftString)
%~ 
%~ %%%%%%%%%%%%%%%%%%%%%%%%%%%%%%%%%%%%%%%%
%~ kifi=argQuotedIsa(hasName,2,ftString)
%~ kifm=nesc(argQuotedIsa(hasName,2,ftString))
%~ kif_to_boxlog_attvars2 = necessary(argQuotedIsa(hasName,2,ftString))

%%%%%%%%%%%%%%%%%%%%%%%%%%%%%%%%%%%%%%%%
% Results in the following 1 entailment(s): 
nesc(argQuotedIsa(hasName,2,ftString)).

%%%%%%%%%%%%%%%%%%%%%%%%%%%%%%%%%%%%%%%%
%~ %%%%%%%%%%%%%%%%%%%%%%%%%%%%%%%%%%%%%%%%
%~  it is necessarily true that argQuotedIsa(hasName,2,ftString)
%~ 
%~ %%%%%%%%%%%%%%%%%%%%%%%%%%%%%%%%%%%%%%%%

nesc( argQuotedIsa(hasName,2,ftString)).

============================================



=======================================================
domain(address,1,tHouse)
============================================


?- kif_to_boxlog( domain(address,1,tHouse) ).



% In English: 
%~ %%%%%%%%%%%%%%%%%%%%%%%%%%%%%%%%%%%%%%%%
%~  domain(address,1,tHouse)
%~ 
%~ %%%%%%%%%%%%%%%%%%%%%%%%%%%%%%%%%%%%%%%%
%~ kifi=argIsa(address,1,tHouse)
%~ kifm=nesc(argIsa(address,1,tHouse))
%~ kif_to_boxlog_attvars2 = necessary(argIsa(address,1,tHouse))

%%%%%%%%%%%%%%%%%%%%%%%%%%%%%%%%%%%%%%%%
% Results in the following 1 entailment(s): 
nesc(argIsa(address,1,tHouse)).

%%%%%%%%%%%%%%%%%%%%%%%%%%%%%%%%%%%%%%%%
%~ %%%%%%%%%%%%%%%%%%%%%%%%%%%%%%%%%%%%%%%%
%~  it is necessarily true that argIsa(address,1,tHouse)
%~ 
%~ %%%%%%%%%%%%%%%%%%%%%%%%%%%%%%%%%%%%%%%%

nesc( argIsa(address,1,tHouse)).

============================================



=======================================================
domain(address,2,tAddress)
============================================


?- kif_to_boxlog( domain(address,2,tAddress) ).



% In English: 
%~ %%%%%%%%%%%%%%%%%%%%%%%%%%%%%%%%%%%%%%%%
%~  domain(address,2,tAddress)
%~ 
%~ %%%%%%%%%%%%%%%%%%%%%%%%%%%%%%%%%%%%%%%%
%~ kifi=argIsa(address,2,tAddress)
%~ kifm=nesc(argIsa(address,2,tAddress))
%~ kif_to_boxlog_attvars2 = necessary(argIsa(address,2,tAddress))

%%%%%%%%%%%%%%%%%%%%%%%%%%%%%%%%%%%%%%%%
% Results in the following 1 entailment(s): 
nesc(argIsa(address,2,tAddress)).

%%%%%%%%%%%%%%%%%%%%%%%%%%%%%%%%%%%%%%%%
%~ %%%%%%%%%%%%%%%%%%%%%%%%%%%%%%%%%%%%%%%%
%~  it is necessarily true that argIsa(address,2,tAddress)
%~ 
%~ %%%%%%%%%%%%%%%%%%%%%%%%%%%%%%%%%%%%%%%%

nesc( argIsa(address,2,tAddress)).

============================================



=======================================================
exactly(1,'[|]'('[|]'('$VAR'('Name'),'[|]'(tName,[])),[]),hasName('Devil','$VAR'('Name')))
============================================


?- kif_to_boxlog( exactly(1,[[Name,tName]],hasName('Devil',Name)) ).



% In English: 
%~ %%%%%%%%%%%%%%%%%%%%%%%%%%%%%%%%%%%%%%%%
%~  exactly(1,[[Name,tName]],hasName('Devil',Name))
%~ 
%~ %%%%%%%%%%%%%%%%%%%%%%%%%%%%%%%%%%%%%%%%
%~ %~ correct_special_quantifiers:-quant(exactly(1),Name,hasName('Devil',Name)&isa(Name,tName))
%~ kifi=exactly(1,[[Name,tName]],hasName('Devil',Name))
%~ kifm=nesc(quant(exactly(1),Name,hasName('Devil',Name)&isa(Name,tName)))
%~ kif_to_boxlog_attvars2 = necessary(quant(exactly(1),'$VAR'('Name'),and(hasName('Devil','$VAR'('Name')),isa('$VAR'('Name'),tName))))
%~ w_o_c(error=error(uninstantiation_error(Name),context(put_attr/3,'1-st argument')),common_logic_loader:kif_to_boxlog(exactly(1,[[Name,tName]],hasName('Devil',Name)),KB,rule7:0,_984))
(0)$[system] '$c_call_prolog'.  no(clause) 
(2)$[system] catch('$toplevel':initialise_prolog,A,'$toplevel':initialise_error(A)).   %  init.pl:546: 
(3)[$toplevel] initialise_prolog.   %  toplevel.pl:495: 
(4)<*>$[$toplevel] load_associated_files('<garbage_collected>').   %  toplevel.pl:450: 
(8)$[system] '$load_file'('kif_io_test_01.pl',user,'<garbage_collected>').   %  init.pl:2353: 
(11)$[system]# '$sig_atomic'(setup_call_cleanup(with_mutex('$load_file','$mt_start_load'('* https://logicmoo.org:2082/gitlab/logicmoo/logicmoo_workspace/-/blob/master/packs_sys/logicmoo_base/t/examples/fol/kif_io_test_01.pl ',<clause>(0x55d28ab01180),[expand(false)])),'$mt_do_load'(<clause>(0x55d28ab01180),'kif_io_test_01.pl','* https://logicmoo.org:2082/gitlab/logicmoo/logicmoo_workspace/-/blob/master/packs_sys/logicmoo_base/t/examples/fol/kif_io_test_01.pl ',user,[expand(false)]),'$mt_end_load'(<clause>(0x55d28ab01180)))).  no(clause) 
(12)$[system] '$c_call_prolog'.  no(clause) 
(14)$[system]# setup_call_catcher_cleanup(system:with_mutex('$load_file','$mt_start_load'('* https://logicmoo.org:2082/gitlab/logicmoo/logicmoo_workspace/-/blob/master/packs_sys/logicmoo_base/t/examples/fol/kif_io_test_01.pl ',<clause>(0x55d28ab01180),[expand(false)])),system:'$mt_do_load'(<clause>(0x55d28ab01180),'kif_io_test_01.pl','* https://logicmoo.org:2082/gitlab/logicmoo/logicmoo_workspace/-/blob/master/packs_sys/logicmoo_base/t/examples/fol/kif_io_test_01.pl ',user,[expand(false)]),A,system:'$mt_end_load'(<clause>(0x55d28ab01180))).   %  init.pl:646: 
(16)$[system]# '$qdo_load_file'('kif_io_test_01.pl','* https://logicmoo.org:2082/gitlab/logicmoo/logicmoo_workspace/-/blob/master/packs_sys/logicmoo_base/t/examples/fol/kif_io_test_01.pl ',user,[expand(false)]).   %  init.pl:2546: 
(19)<*>$[system]# '$do_load_file_2'('kif_io_test_01.pl','* https://logicmoo.org:2082/gitlab/logicmoo/logicmoo_workspace/-/blob/master/packs_sys/logicmoo_base/t/examples/fol/kif_io_test_01.pl ',user,compiled,[expand(false)]).   %  init.pl:2592: 
(23)$[system]# setup_call_catcher_cleanup(system:'$start_consult'('* https://logicmoo.org:2082/gitlab/logicmoo/logicmoo_workspace/-/blob/master/packs_sys/logicmoo_base/t/examples/fol/kif_io_test_01.pl ',1631494506.7323513),system:'$load_file'('* https://logicmoo.org:2082/gitlab/logicmoo/logicmoo_workspace/-/blob/master/packs_sys/logicmoo_base/t/examples/fol/kif_io_test_01.pl ','* https://logicmoo.org:2082/gitlab/logicmoo/logicmoo_workspace/-/blob/master/packs_sys/logicmoo_base/t/examples/fol/kif_io_test_01.pl ',A,[expand(false)]),B,system:'$end_consult'('* https://logicmoo.org:2082/gitlab/logicmoo/logicmoo_workspace/-/blob/master/packs_sys/logicmoo_base/t/examples/fol/kif_io_test_01.pl ',lexstate(202,swi),user)).   %  init.pl:646: 
(24)<*>$[system]# '$load_file'('* https://logicmoo.org:2082/gitlab/logicmoo/logicmoo_workspace/-/blob/master/packs_sys/logicmoo_base/t/examples/fol/kif_io_test_01.pl ','* https://logicmoo.org:2082/gitlab/logicmoo/logicmoo_workspace/-/blob/master/packs_sys/logicmoo_base/t/examples/fol/kif_io_test_01.pl ',A,[expand(false)]).   %  init.pl:3007: 
(30)<*>$[system] '$execute_directive_3'(kif_io).   %  init.pl:3574: 
(31)$[system] catch(baseKB:kif_io,error(A,B),system:'$exception_in_directive'(error(A,B))).   %  init.pl:546: 
(33)[baseKB] common_logic_loader:kif_io('<garbage_collected>','<garbage_collected>').   %  common_logic_loader.pl:228: 
(34)[baseKB] with_output_to(<stream>(0x55d277bb6900),load_clif(<stream>(0x55d28a578e00))).  no(clause) 
(35)$[system] '$c_call_prolog'.  no(clause) 
(42)$[locally_each] locally_each:wtl_how('<garbage_collected>','<garbage_collected>','<garbage_collected>','<garbage_collected>','<garbage_collected>').   %  redo_locally.pl:217: 
(46)$[system] setup_call_catcher_cleanup(locally_each:key_asserta(t_l,t_l:sreader_options(logicmoo_read_kif,true)),each_call_cleanup:((baseKB:with_lisp_translation(<stream>(0x55d28a578e00),kif_process_once),deterministic(A)),(notrace(A==true)->!;mquietly(locally_each:key_erase(t_l)),notrace(nb_setarg(1,mquietly(locally_each:key_erase(t_l)),true));locally_each:key_asserta(t_l,t_l:sreader_options(logicmoo_read_kif,true)),notrace(nb_setarg(1,mquietly(locally_each:key_erase(t_l)),locally_each:key_erase(t_l))),notrace(fail))),B,each_call_cleanup:mquietly(locally_each:key_erase(t_l))).   %  init.pl:646: 
(47)$[each_call_cleanup] '<meta-call>'('<garbage_collected>').  no(clause) 
(49)[s3xpr] s3xpr:with_lisp_translation_stream(<stream>(0x55d28a578e00),baseKB:kif_process_once).   %  sreader.pl:109: 
(50)$[dcg_meta] dcg_meta:zalwayz('<garbage_collected>').   %  dcg_meta.pl:514: 
(51)$[dcg_meta] notrace(catch(s3xpr:call_proc(baseKB:kif_process_once,[exactly,1,[[Name,tName]],[hasName,'Devil',Name]]),A,fail)).  no(clause) 
(52)$[system] '$c_call_prolog'.  no(clause) 
(53)$[system] catch(s3xpr:call_proc(baseKB:kif_process_once,[exactly,1,[[Name,tName]],[hasName,'Devil',Name]]),A,dcg_meta:fail).   %  init.pl:546: 
(54)[s3xpr] s3xpr:call_proc(baseKB:kif_process_once,'<garbage_collected>').   %  sreader.pl:116: 
(56)<*>[must_sanity]# must_sanity:baseKB:once(kif_process([exactly,1,[[Name,tName]],[hasName,'Devil',Name]])).   %  must_sanity.pl:65: 
(57)$[system] once('<garbage_collected>').   %  init.pl:519: 
(58)<*>$[common_logic_loader] common_logic_loader:kif_process('<garbage_collected>').   %  common_logic_loader.pl:107: 
(61)<*>[ucatch] ucatch:one_must('<garbage_collected>',bugger:(nop(dumpST),debugm1(common_logic_loader,show_failed(common_logic_loader,common_logic_loader:kif_process(tell,[exactly,1,[[Name,tName]],[hasName,'Devil',Name]]))),nop(break),!,fail)).   %  ucatch.pl:1713: 
(62)$[bugger] bugger:dcall0('<garbage_collected>').   %  bugger.pl:1399: 
(63)<*>$[common_logic_loader] common_logic_loader:kif_process(tell,'<garbage_collected>').   %  common_logic_loader.pl:146: 
(66)<*>[ucatch] ucatch:one_must('<garbage_collected>',bugger:(nop(dumpST),debugm1(common_logic_loader,show_failed(common_logic_loader,common_logic_loader:kif_process(tell,exactly(1,[[Name,tName]],hasName('Devil',Name))))),nop(break),!,fail)).   %  ucatch.pl:1713: 
(67)$[bugger] bugger:dcall0('<garbage_collected>').   %  bugger.pl:1399: 
(72)<*>[ucatch] ucatch:one_must('<garbage_collected>',bugger:(nop(dumpST),debugm1(common_logic_loader,show_failed(common_logic_loader,common_logic_loader:kif_add(exactly(1,[[Name,tName]],hasName('Devil',Name))))),nop(break),!,fail)).   %  ucatch.pl:1713: 
(73)$[bugger] bugger:dcall0('<garbage_collected>').   %  bugger.pl:1399: 
(74)[common_logic_loader] common_logic_snark:kif_add(exactly(1,[[Name,tName]],hasName('Devil',Name))).   %  common_logic_snark.pl:1664: 
(75)[common_logic_loader] common_logic_snark:kif_add2('<garbage_collected>').   %  common_logic_snark.pl:1670: 
(76)[common_logic_loader] common_logic_snark:kif_to_boxlog('<garbage_collected>').   %  common_logic_snark.pl:1063: 
(77)[common_logic_loader] common_logic_snark:kif_to_boxlog('<garbage_collected>','<garbage_collected>').   %  common_logic_snark.pl:1099: 
(78)<*>[must_sanity]# must_sanity:common_logic_loader:kif_to_boxlog(exactly(1,[[Name,tName]],hasName('Devil',Name)),A,rule7:0).   %  must_sanity.pl:65: 
(79)[common_logic_loader] common_logic_snark:kif_to_boxlog('<garbage_collected>','<garbage_collected>','<garbage_collected>').   %  common_logic_snark.pl:1107: 
(80)[locally_each] locally_each:w_o_c('<garbage_collected>').   %  redo_locally.pl:86: 
(81)$[system] catch(locally_each:w_o_c(error,common_logic_loader:kif_to_boxlog(exactly(1,[[Name,tName]],hasName('Devil',Name)),KB,rule7:0,A)),error(uninstantiation_error(Name),context(put_attr/3,'1-st argument')),locally_each:(wdmsg(w_o_c(error=error(uninstantiation_error(Name),context(put_attr/3,'1-st argument')),common_logic_loader:kif_to_boxlog(exactly(1,[[Name,tName]],hasName('Devil',Name)),KB,rule7:0,A))),dumpST,wdmsg(w_o_c(error=error(uninstantiation_error(Name),context(put_attr/3,'1-st argument')),common_logic_loader:kif_to_boxlog(exactly(1,[[Name,tName]],hasName('Devil',Name)),KB,rule7:0,A))),break,trace,common_logic_loader:kif_to_boxlog(exactly(1,[[Name,tName]],hasName('Devil',Name)),KB,rule7:0,A))).   %  init.pl:546: 
(82)$[locally_each] '<meta-call>'(locally_each:(wdmsg(w_o_c(error=error(uninstantiation_error(Name),context(put_attr/3,'1-st argument')),common_logic_loader:kif_to_boxlog(exactly(1,[[Name,tName]],hasName('Devil',Name)),KB,rule7:0,A))),dumpST,wdmsg(w_o_c(error=error(uninstantiation_error(Name),context(put_attr/3,'1-st argument')),common_logic_loader:kif_to_boxlog(exactly(1,[[Name,tName]],hasName('Devil',Name)),KB,rule7:0,A))),break,trace,common_logic_loader:kif_to_boxlog(exactly(1,[[Name,tName]],hasName('Devil',Name)),KB,rule7:0,A))).  no(clause) 
(83)[locally_each] dumpst:dumpST.   %  dumpst.pl:150: 
%~ w_o_c(error=error(uninstantiation_error(Name),context(put_attr/3,'1-st argument')),common_logic_loader:kif_to_boxlog(exactly(1,[[Name,tName]],hasName('Devil',Name)),KB,rule7:0,_984))

%~ %~ correct_special_quantifiers:-quant(exactly(1),Name,hasName('Devil',Name)&isa(Name,tName))%~ kifi=exactly(1,[[Name,tName]],hasName('Devil',Name))%~ kifm=nesc(quant(exactly(1),Name,hasName('Devil',Name)&isa(Name,tName)))%~ %~ as_sigma:-necessary(quant(exactly(1),Name,and(hasName('Devil',Name),isa(Name,tName))))%~ kif_to_boxlog_attvars2 = necessary(quant(exactly(1),'$VAR'('Name'),and(hasName('Devil','$VAR'('Name')),isa('$VAR'('Name'),tName))))%~ %~ as_dlog:-nesc(v(nesc(~quant(exactly(1),Name,isa(Name,tName))),quant(exactly(1),Name,hasName('Devil',Name))))&nesc(v(nesc(~quant(exactly(1),Name,hasName('Devil',Name))),quant(exactly(1),Name,isa(Name,tName))))



=======================================================
if(and(a,b),c)
============================================


?- kif_to_boxlog( if(and(a,b),c) ).



% In English: 
%~ %%%%%%%%%%%%%%%%%%%%%%%%%%%%%%%%%%%%%%%%
%~  a and b if c
%~ 
%~ %%%%%%%%%%%%%%%%%%%%%%%%%%%%%%%%%%%%%%%%
%~ kifi=if(and(a,b),c)
%~ kifm=nesc((a&b)=>c)
%~ kif_to_boxlog_attvars2 = necessary(=>(and(a,b),c))

%%%%%%%%%%%%%%%%%%%%%%%%%%%%%%%%%%%%%%%%
% Results in the following 3 entailment(s): 
nesc(a)&nesc(b)==>nesc(c).
poss(~c)&nesc(a)==>poss(~b).
poss(~c)&nesc(b)==>poss(~a).

%%%%%%%%%%%%%%%%%%%%%%%%%%%%%%%%%%%%%%%%
%~ %%%%%%%%%%%%%%%%%%%%%%%%%%%%%%%%%%%%%%%%
%~  Whenever:
%~    " a " is necessarily true  and
%~    " b " is necessarily true
%~  It's Proof that:
%~    " c " is necessarily true
%~ 
%~ %%%%%%%%%%%%%%%%%%%%%%%%%%%%%%%%%%%%%%%%

nesc(a)&nesc(b)==>nesc(c).

%  AND
%~ %%%%%%%%%%%%%%%%%%%%%%%%%%%%%%%%%%%%%%%%
%~  Whenever:
%~    " c " is possibly false  and
%~    " a " is necessarily true
%~  It's Proof that:
%~    " b " is possibly false
%~ 
%~ %%%%%%%%%%%%%%%%%%%%%%%%%%%%%%%%%%%%%%%%

poss(~c)&nesc(a)==>poss(~b).

%  AND
%~ %%%%%%%%%%%%%%%%%%%%%%%%%%%%%%%%%%%%%%%%
%~  Whenever:
%~    " c " is possibly false  and
%~    " b " is necessarily true
%~  It's Proof that:
%~    " a " is possibly false
%~ 
%~ %%%%%%%%%%%%%%%%%%%%%%%%%%%%%%%%%%%%%%%%

poss(~c)&nesc(b)==>poss(~a).

============================================%~ kifi=if(and(a,b),c)
%~ kifm=nesc((a&b)=>c)
%~ kif_to_boxlog_attvars2 = necessary(=>(and(a,b),c))
%~ %%%%%%%%%%%%%%%%%%%%%%%%%%%%%%%%%%%%%%%%
%~  Whenever:
%~    " a " is necessarily true  and
%~    " b " is necessarily true
%~  It's Proof that:
%~    " c " is necessarily true
%~ 
%~ %%%%%%%%%%%%%%%%%%%%%%%%%%%%%%%%%%%%%%%%

nesc(a)&nesc(b)==>nesc(c).

%  AND
%~ %%%%%%%%%%%%%%%%%%%%%%%%%%%%%%%%%%%%%%%%
%~  Whenever:
%~    " c " is possibly false  and
%~    " b " is necessarily true
%~  It's Proof that:
%~    " a " is possibly false
%~ 
%~ %%%%%%%%%%%%%%%%%%%%%%%%%%%%%%%%%%%%%%%%

poss(~c)&nesc(b)==>poss(~a).

%  AND
%~ %%%%%%%%%%%%%%%%%%%%%%%%%%%%%%%%%%%%%%%%
%~  Whenever:
%~    " c " is possibly false  and
%~    " a " is necessarily true
%~  It's Proof that:
%~    " b " is possibly false
%~ 
%~ %%%%%%%%%%%%%%%%%%%%%%%%%%%%%%%%%%%%%%%%

poss(~c)&nesc(a)==>poss(~b).





=======================================================
thereExistExactly(1,'$VAR'('H1'),and(isa('$VAR'('H1'),tHouse),memberOf('$VAR'('H1'),tOneHouseSet)))
============================================


?- kif_to_boxlog( thereExistExactly(1,H1,and(isa(H1,tHouse),memberOf(H1,tOneHouseSet))) ).



% In English: 
%~ %%%%%%%%%%%%%%%%%%%%%%%%%%%%%%%%%%%%%%%%
%~  thereExistExactly(1,H1,and(isa(H1,tHouse),memberOf(H1,tOneHouseSet)))
%~ 
%~ %%%%%%%%%%%%%%%%%%%%%%%%%%%%%%%%%%%%%%%%
%~ kifi=thereExistExactly(1,H1,and(tHouse(H1),memberOf(H1,tOneHouseSet)))
%~ kifm=nesc(thereExistExactly(1,H1,tHouse(H1)&memberOf(H1,tOneHouseSet)))
%~ kif_to_boxlog_attvars2 = necessary(thereExistExactly(1,'$VAR'('H1'),and(tHouse('$VAR'('H1')),memberOf('$VAR'('H1'),tOneHouseSet))))

%%%%%%%%%%%%%%%%%%%%%%%%%%%%%%%%%%%%%%%%
% Results in the following 2 entailment(s): 
v(nesc(~thereExistExactly(1,H1,tHouse(H1))),thereExistExactly(1,H1,memberOf(H1,tOneHouseSet))).
v(nesc(~thereExistExactly(1,H1,memberOf(H1,tOneHouseSet))),thereExistExactly(1,H1,tHouse(H1))).

%%%%%%%%%%%%%%%%%%%%%%%%%%%%%%%%%%%%%%%%
%~ %%%%%%%%%%%%%%%%%%%%%%%%%%%%%%%%%%%%%%%%
%~  " thereExistExactly(1,H1,tHouse(H1)) " is necessarily false  or " thereExistExactly(1,H1,memberOf(H1,tOneHouseSet)) "
%~ 
%~ %%%%%%%%%%%%%%%%%%%%%%%%%%%%%%%%%%%%%%%%

( nesc( ~( thereExistExactly(1,H1,tHouse(H1)))) v 
  thereExistExactly(1,H1,memberOf(H1,tOneHouseSet))).

%  AND
%~ %%%%%%%%%%%%%%%%%%%%%%%%%%%%%%%%%%%%%%%%
%~  " thereExistExactly(1,H1,memberOf(H1,tOneHouseSet)) " is necessarily false  or " thereExistExactly(1,H1,tHouse(H1)) "
%~ 
%~ %%%%%%%%%%%%%%%%%%%%%%%%%%%%%%%%%%%%%%%%

( nesc( ~( thereExistExactly(1,H1,memberOf(H1,tOneHouseSet)))) v 
  thereExistExactly(1,H1,tHouse(H1))).

============================================



=======================================================
exactly(1,'[|]'('[|]'('$VAR'('H1'),'[|]'(tHouse,[])),[]),memberOf('$VAR'('H1'),tOneHouseSet))
============================================


?- kif_to_boxlog( exactly(1,[[H1,tHouse]],memberOf(H1,tOneHouseSet)) ).



% In English: 
%~ %%%%%%%%%%%%%%%%%%%%%%%%%%%%%%%%%%%%%%%%
%~  exactly(1,[[H1,tHouse]],memberOf(H1,tOneHouseSet))
%~ 
%~ %%%%%%%%%%%%%%%%%%%%%%%%%%%%%%%%%%%%%%%%
%~ %~ correct_special_quantifiers:-quant(exactly(1),H1,memberOf(H1,tOneHouseSet)&isa(H1,tHouse))
%~ kifi=exactly(1,[[H1,tHouse]],memberOf(H1,tOneHouseSet))
%~ kifm=nesc(quant(exactly(1),H1,memberOf(H1,tOneHouseSet)&isa(H1,tHouse)))
%~ kif_to_boxlog_attvars2 = necessary(quant(exactly(1),'$VAR'('H1'),and(memberOf('$VAR'('H1'),tOneHouseSet),isa('$VAR'('H1'),tHouse))))
%~ w_o_c(error=error(uninstantiation_error(H1),context(put_attr/3,'1-st argument')),common_logic_loader:kif_to_boxlog(exactly(1,[[H1,tHouse]],memberOf(H1,tOneHouseSet)),KB,rule11:0,_1116))
(0)$[system] '$c_call_prolog'.  no(clause) 
(2)$[system] catch('$toplevel':initialise_prolog,A,'$toplevel':initialise_error(A)).   %  init.pl:546: 
(3)[$toplevel] initialise_prolog.   %  toplevel.pl:495: 
(4)<*>$[$toplevel] load_associated_files('<garbage_collected>').   %  toplevel.pl:450: 
(8)$[system] '$load_file'('kif_io_test_01.pl',user,'<garbage_collected>').   %  init.pl:2353: 
(11)$[system]# '$sig_atomic'(setup_call_cleanup(with_mutex('$load_file','$mt_start_load'('* https://logicmoo.org:2082/gitlab/logicmoo/logicmoo_workspace/-/blob/master/packs_sys/logicmoo_base/t/examples/fol/kif_io_test_01.pl ',<clause>(0x55d28ab01180),[expand(false)])),'$mt_do_load'(<clause>(0x55d28ab01180),'kif_io_test_01.pl','* https://logicmoo.org:2082/gitlab/logicmoo/logicmoo_workspace/-/blob/master/packs_sys/logicmoo_base/t/examples/fol/kif_io_test_01.pl ',user,[expand(false)]),'$mt_end_load'(<clause>(0x55d28ab01180)))).  no(clause) 
(12)$[system] '$c_call_prolog'.  no(clause) 
(14)$[system]# setup_call_catcher_cleanup(system:with_mutex('$load_file','$mt_start_load'('* https://logicmoo.org:2082/gitlab/logicmoo/logicmoo_workspace/-/blob/master/packs_sys/logicmoo_base/t/examples/fol/kif_io_test_01.pl ',<clause>(0x55d28ab01180),[expand(false)])),system:'$mt_do_load'(<clause>(0x55d28ab01180),'kif_io_test_01.pl','* https://logicmoo.org:2082/gitlab/logicmoo/logicmoo_workspace/-/blob/master/packs_sys/logicmoo_base/t/examples/fol/kif_io_test_01.pl ',user,[expand(false)]),A,system:'$mt_end_load'(<clause>(0x55d28ab01180))).   %  init.pl:646: 
(16)$[system]# '$qdo_load_file'('kif_io_test_01.pl','* https://logicmoo.org:2082/gitlab/logicmoo/logicmoo_workspace/-/blob/master/packs_sys/logicmoo_base/t/examples/fol/kif_io_test_01.pl ',user,[expand(false)]).   %  init.pl:2546: 
(19)<*>$[system]# '$do_load_file_2'('kif_io_test_01.pl','* https://logicmoo.org:2082/gitlab/logicmoo/logicmoo_workspace/-/blob/master/packs_sys/logicmoo_base/t/examples/fol/kif_io_test_01.pl ',user,compiled,[expand(false)]).   %  init.pl:2592: 
(23)$[system]# setup_call_catcher_cleanup(system:'$start_consult'('* https://logicmoo.org:2082/gitlab/logicmoo/logicmoo_workspace/-/blob/master/packs_sys/logicmoo_base/t/examples/fol/kif_io_test_01.pl ',1631494506.7323513),system:'$load_file'('* https://logicmoo.org:2082/gitlab/logicmoo/logicmoo_workspace/-/blob/master/packs_sys/logicmoo_base/t/examples/fol/kif_io_test_01.pl ','* https://logicmoo.org:2082/gitlab/logicmoo/logicmoo_workspace/-/blob/master/packs_sys/logicmoo_base/t/examples/fol/kif_io_test_01.pl ',A,[expand(false)]),B,system:'$end_consult'('* https://logicmoo.org:2082/gitlab/logicmoo/logicmoo_workspace/-/blob/master/packs_sys/logicmoo_base/t/examples/fol/kif_io_test_01.pl ',lexstate(202,swi),user)).   %  init.pl:646: 
(24)<*>$[system]# '$load_file'('* https://logicmoo.org:2082/gitlab/logicmoo/logicmoo_workspace/-/blob/master/packs_sys/logicmoo_base/t/examples/fol/kif_io_test_01.pl ','* https://logicmoo.org:2082/gitlab/logicmoo/logicmoo_workspace/-/blob/master/packs_sys/logicmoo_base/t/examples/fol/kif_io_test_01.pl ',A,[expand(false)]).   %  init.pl:3007: 
(30)<*>$[system] '$execute_directive_3'(kif_io).   %  init.pl:3574: 
(31)$[system] catch(baseKB:kif_io,error(A,B),system:'$exception_in_directive'(error(A,B))).   %  init.pl:546: 
(33)[baseKB] common_logic_loader:kif_io('<garbage_collected>','<garbage_collected>').   %  common_logic_loader.pl:228: 
(34)[baseKB] with_output_to(<stream>(0x55d277bb6900),load_clif(<stream>(0x55d28a578e00))).  no(clause) 
(35)$[system] '$c_call_prolog'.  no(clause) 
(42)$[locally_each] locally_each:wtl_how('<garbage_collected>','<garbage_collected>','<garbage_collected>','<garbage_collected>','<garbage_collected>').   %  redo_locally.pl:217: 
(46)$[system] setup_call_catcher_cleanup(locally_each:key_asserta(t_l,t_l:sreader_options(logicmoo_read_kif,true)),each_call_cleanup:((baseKB:with_lisp_translation(<stream>(0x55d28a578e00),kif_process_once),deterministic(A)),(notrace(A==true)->!;mquietly(locally_each:key_erase(t_l)),notrace(nb_setarg(1,mquietly(locally_each:key_erase(t_l)),true));locally_each:key_asserta(t_l,t_l:sreader_options(logicmoo_read_kif,true)),notrace(nb_setarg(1,mquietly(locally_each:key_erase(t_l)),locally_each:key_erase(t_l))),notrace(fail))),B,each_call_cleanup:mquietly(locally_each:key_erase(t_l))).   %  init.pl:646: 
(47)$[each_call_cleanup] '<meta-call>'('<garbage_collected>').  no(clause) 
(49)[s3xpr] s3xpr:with_lisp_translation_stream(<stream>(0x55d28a578e00),baseKB:kif_process_once).   %  sreader.pl:109: 
(50)$[dcg_meta] dcg_meta:zalwayz(s3xpr:call_proc(baseKB:kif_process_once,[exactly,1,[[H1,tHouse]],[memberOf,H1,tOneHouseSet]])).   %  dcg_meta.pl:514: 
(51)$[dcg_meta] notrace(catch(s3xpr:call_proc(baseKB:kif_process_once,[exactly,1,[[H1,tHouse]],[memberOf,H1,tOneHouseSet]]),A,fail)).  no(clause) 
(52)$[system] '$c_call_prolog'.  no(clause) 
(53)$[system] catch(s3xpr:call_proc(baseKB:kif_process_once,[exactly,1,[[H1,tHouse]],[memberOf,H1,tOneHouseSet]]),A,dcg_meta:fail).   %  init.pl:546: 
(54)[s3xpr] s3xpr:call_proc(baseKB:kif_process_once,'<garbage_collected>').   %  sreader.pl:116: 
(56)<*>[must_sanity]# must_sanity:baseKB:once(kif_process([exactly,1,[[H1,tHouse]],[memberOf,H1,tOneHouseSet]])).   %  must_sanity.pl:65: 
(57)$[system] once('<garbage_collected>').   %  init.pl:519: 
(58)<*>$[common_logic_loader] common_logic_loader:kif_process('<garbage_collected>').   %  common_logic_loader.pl:107: 
(61)<*>[ucatch] ucatch:one_must('<garbage_collected>',bugger:(nop(dumpST),debugm1(common_logic_loader,show_failed(common_logic_loader,common_logic_loader:kif_process(tell,[exactly,1,[[H1,tHouse]],[memberOf,H1,tOneHouseSet]]))),nop(break),!,fail)).   %  ucatch.pl:1713: 
(62)$[bugger] bugger:dcall0('<garbage_collected>').   %  bugger.pl:1399: 
(63)<*>$[common_logic_loader] common_logic_loader:kif_process(tell,'<garbage_collected>').   %  common_logic_loader.pl:146: 
(66)<*>[ucatch] ucatch:one_must('<garbage_collected>',bugger:(nop(dumpST),debugm1(common_logic_loader,show_failed(common_logic_loader,common_logic_loader:kif_process(tell,exactly(1,[[H1,tHouse]],memberOf(H1,tOneHouseSet))))),nop(break),!,fail)).   %  ucatch.pl:1713: 
(67)$[bugger] bugger:dcall0('<garbage_collected>').   %  bugger.pl:1399: 
(72)<*>[ucatch] ucatch:one_must('<garbage_collected>',bugger:(nop(dumpST),debugm1(common_logic_loader,show_failed(common_logic_loader,common_logic_loader:kif_add(exactly(1,[[H1,tHouse]],memberOf(H1,tOneHouseSet))))),nop(break),!,fail)).   %  ucatch.pl:1713: 
(73)$[bugger] bugger:dcall0('<garbage_collected>').   %  bugger.pl:1399: 
(74)[common_logic_loader] common_logic_snark:kif_add(exactly(1,[[H1,tHouse]],memberOf(H1,tOneHouseSet))).   %  common_logic_snark.pl:1664: 
(75)[common_logic_loader] common_logic_snark:kif_add2('<garbage_collected>').   %  common_logic_snark.pl:1670: 
(76)[common_logic_loader] common_logic_snark:kif_to_boxlog('<garbage_collected>').   %  common_logic_snark.pl:1063: 
(77)[common_logic_loader] common_logic_snark:kif_to_boxlog('<garbage_collected>','<garbage_collected>').   %  common_logic_snark.pl:1099: 
(78)<*>[must_sanity]# must_sanity:common_logic_loader:kif_to_boxlog(exactly(1,[[H1,tHouse]],memberOf(H1,tOneHouseSet)),A,rule11:0).   %  must_sanity.pl:65: 
(79)[common_logic_loader] common_logic_snark:kif_to_boxlog('<garbage_collected>','<garbage_collected>','<garbage_collected>').   %  common_logic_snark.pl:1107: 
(80)[locally_each] locally_each:w_o_c('<garbage_collected>').   %  redo_locally.pl:86: 
(81)$[system] catch(locally_each:w_o_c(error,common_logic_loader:kif_to_boxlog(exactly(1,[[H1,tHouse]],memberOf(H1,tOneHouseSet)),KB,rule11:0,A)),error(uninstantiation_error(H1),context(put_attr/3,'1-st argument')),locally_each:(wdmsg(w_o_c(error=error(uninstantiation_error(H1),context(put_attr/3,'1-st argument')),common_logic_loader:kif_to_boxlog(exactly(1,[[H1,tHouse]],memberOf(H1,tOneHouseSet)),KB,rule11:0,A))),dumpST,wdmsg(w_o_c(error=error(uninstantiation_error(H1),context(put_attr/3,'1-st argument')),common_logic_loader:kif_to_boxlog(exactly(1,[[H1,tHouse]],memberOf(H1,tOneHouseSet)),KB,rule11:0,A))),break,trace,common_logic_loader:kif_to_boxlog(exactly(1,[[H1,tHouse]],memberOf(H1,tOneHouseSet)),KB,rule11:0,A))).   %  init.pl:546: 
(82)$[locally_each] '<meta-call>'(locally_each:(wdmsg(w_o_c(error=error(uninstantiation_error(H1),context(put_attr/3,'1-st argument')),common_logic_loader:kif_to_boxlog(exactly(1,[[H1,tHouse]],memberOf(H1,tOneHouseSet)),KB,rule11:0,A))),dumpST,wdmsg(w_o_c(error=error(uninstantiation_error(H1),context(put_attr/3,'1-st argument')),common_logic_loader:kif_to_boxlog(exactly(1,[[H1,tHouse]],memberOf(H1,tOneHouseSet)),KB,rule11:0,A))),break,trace,common_logic_loader:kif_to_boxlog(exactly(1,[[H1,tHouse]],memberOf(H1,tOneHouseSet)),KB,rule11:0,A))).  no(clause) 
(83)[locally_each] dumpst:dumpST.   %  dumpst.pl:150: 
%~ w_o_c(error=error(uninstantiation_error(H1),context(put_attr/3,'1-st argument')),common_logic_loader:kif_to_boxlog(exactly(1,[[H1,tHouse]],memberOf(H1,tOneHouseSet)),KB,rule11:0,_1116))

%~ %~ correct_special_quantifiers:-quant(exactly(1),H1,memberOf(H1,tOneHouseSet)&isa(H1,tHouse))%~ kifi=exactly(1,[[H1,tHouse]],memberOf(H1,tOneHouseSet))%~ kifm=nesc(quant(exactly(1),H1,memberOf(H1,tOneHouseSet)&isa(H1,tHouse)))%~ %~ as_sigma:-necessary(quant(exactly(1),H1,and(memberOf(H1,tOneHouseSet),isa(H1,tHouse))))%~ kif_to_boxlog_attvars2 = necessary(quant(exactly(1),'$VAR'('H1'),and(memberOf('$VAR'('H1'),tOneHouseSet),isa('$VAR'('H1'),tHouse))))%~ %~ as_dlog:-nesc(v(nesc(~quant(exactly(1),H1,isa(H1,tHouse))),quant(exactly(1),H1,memberOf(H1,tOneHouseSet))))&nesc(v(nesc(~quant(exactly(1),H1,memberOf(H1,tOneHouseSet))),quant(exactly(1),H1,isa(H1,tHouse))))



=======================================================
exactly(2,'[|]'('[|]'('$VAR'('H1'),'[|]'(tHouse,[])),[]),memberOf('$VAR'('H1'),tTwoHouseSet))
============================================


?- kif_to_boxlog( exactly(2,[[H1,tHouse]],memberOf(H1,tTwoHouseSet)) ).



% In English: 
%~ %%%%%%%%%%%%%%%%%%%%%%%%%%%%%%%%%%%%%%%%
%~  exactly(2,[[H1,tHouse]],memberOf(H1,tTwoHouseSet))
%~ 
%~ %%%%%%%%%%%%%%%%%%%%%%%%%%%%%%%%%%%%%%%%
%~ %~ correct_special_quantifiers:-quant(exactly(2),H1,memberOf(H1,tTwoHouseSet)&isa(H1,tHouse))
%~ kifi=exactly(2,[[H1,tHouse]],memberOf(H1,tTwoHouseSet))
%~ kifm=nesc(quant(exactly(2),H1,memberOf(H1,tTwoHouseSet)&isa(H1,tHouse)))
%~ kif_to_boxlog_attvars2 = necessary(quant(exactly(2),'$VAR'('H1'),and(memberOf('$VAR'('H1'),tTwoHouseSet),isa('$VAR'('H1'),tHouse))))
%~ w_o_c(error=error(uninstantiation_error(H1),context(put_attr/3,'1-st argument')),common_logic_loader:kif_to_boxlog(exactly(2,[[H1,tHouse]],memberOf(H1,tTwoHouseSet)),KB,rule12:0,_1830294))
(0)$[system] '$c_call_prolog'.  no(clause) 
(2)$[system] catch('$toplevel':initialise_prolog,A,'$toplevel':initialise_error(A)).   %  init.pl:546: 
(3)[$toplevel] initialise_prolog.   %  toplevel.pl:495: 
(4)<*>$[$toplevel] load_associated_files('<garbage_collected>').   %  toplevel.pl:450: 
(8)$[system] '$load_file'('kif_io_test_01.pl',user,'<garbage_collected>').   %  init.pl:2353: 
(11)$[system]# '$sig_atomic'(setup_call_cleanup(with_mutex('$load_file','$mt_start_load'('* https://logicmoo.org:2082/gitlab/logicmoo/logicmoo_workspace/-/blob/master/packs_sys/logicmoo_base/t/examples/fol/kif_io_test_01.pl ',<clause>(0x55d28ab01180),[expand(false)])),'$mt_do_load'(<clause>(0x55d28ab01180),'kif_io_test_01.pl','* https://logicmoo.org:2082/gitlab/logicmoo/logicmoo_workspace/-/blob/master/packs_sys/logicmoo_base/t/examples/fol/kif_io_test_01.pl ',user,[expand(false)]),'$mt_end_load'(<clause>(0x55d28ab01180)))).  no(clause) 
(12)$[system] '$c_call_prolog'.  no(clause) 
(14)$[system]# setup_call_catcher_cleanup(system:with_mutex('$load_file','$mt_start_load'('* https://logicmoo.org:2082/gitlab/logicmoo/logicmoo_workspace/-/blob/master/packs_sys/logicmoo_base/t/examples/fol/kif_io_test_01.pl ',<clause>(0x55d28ab01180),[expand(false)])),system:'$mt_do_load'(<clause>(0x55d28ab01180),'kif_io_test_01.pl','* https://logicmoo.org:2082/gitlab/logicmoo/logicmoo_workspace/-/blob/master/packs_sys/logicmoo_base/t/examples/fol/kif_io_test_01.pl ',user,[expand(false)]),A,system:'$mt_end_load'(<clause>(0x55d28ab01180))).   %  init.pl:646: 
(16)$[system]# '$qdo_load_file'('kif_io_test_01.pl','* https://logicmoo.org:2082/gitlab/logicmoo/logicmoo_workspace/-/blob/master/packs_sys/logicmoo_base/t/examples/fol/kif_io_test_01.pl ',user,[expand(false)]).   %  init.pl:2546: 
(19)<*>$[system]# '$do_load_file_2'('kif_io_test_01.pl','* https://logicmoo.org:2082/gitlab/logicmoo/logicmoo_workspace/-/blob/master/packs_sys/logicmoo_base/t/examples/fol/kif_io_test_01.pl ',user,compiled,[expand(false)]).   %  init.pl:2592: 
(23)$[system]# setup_call_catcher_cleanup(system:'$start_consult'('* https://logicmoo.org:2082/gitlab/logicmoo/logicmoo_workspace/-/blob/master/packs_sys/logicmoo_base/t/examples/fol/kif_io_test_01.pl ',1631494506.7323513),system:'$load_file'('* https://logicmoo.org:2082/gitlab/logicmoo/logicmoo_workspace/-/blob/master/packs_sys/logicmoo_base/t/examples/fol/kif_io_test_01.pl ','* https://logicmoo.org:2082/gitlab/logicmoo/logicmoo_workspace/-/blob/master/packs_sys/logicmoo_base/t/examples/fol/kif_io_test_01.pl ',A,[expand(false)]),B,system:'$end_consult'('* https://logicmoo.org:2082/gitlab/logicmoo/logicmoo_workspace/-/blob/master/packs_sys/logicmoo_base/t/examples/fol/kif_io_test_01.pl ',lexstate(202,swi),user)).   %  init.pl:646: 
(24)<*>$[system]# '$load_file'('* https://logicmoo.org:2082/gitlab/logicmoo/logicmoo_workspace/-/blob/master/packs_sys/logicmoo_base/t/examples/fol/kif_io_test_01.pl ','* https://logicmoo.org:2082/gitlab/logicmoo/logicmoo_workspace/-/blob/master/packs_sys/logicmoo_base/t/examples/fol/kif_io_test_01.pl ',A,[expand(false)]).   %  init.pl:3007: 
(30)<*>$[system] '$execute_directive_3'(kif_io).   %  init.pl:3574: 
(31)$[system] catch(baseKB:kif_io,error(A,B),system:'$exception_in_directive'(error(A,B))).   %  init.pl:546: 
(33)[baseKB] common_logic_loader:kif_io('<garbage_collected>','<garbage_collected>').   %  common_logic_loader.pl:228: 
(34)[baseKB] with_output_to(<stream>(0x55d277bb6900),load_clif(<stream>(0x55d28a578e00))).  no(clause) 
(35)$[system] '$c_call_prolog'.  no(clause) 
(42)$[locally_each] locally_each:wtl_how('<garbage_collected>','<garbage_collected>','<garbage_collected>','<garbage_collected>','<garbage_collected>').   %  redo_locally.pl:217: 
(46)$[system] setup_call_catcher_cleanup(locally_each:key_asserta(t_l,t_l:sreader_options(logicmoo_read_kif,true)),each_call_cleanup:((baseKB:with_lisp_translation(<stream>(0x55d28a578e00),kif_process_once),deterministic(A)),(notrace(A==true)->!;mquietly(locally_each:key_erase(t_l)),notrace(nb_setarg(1,mquietly(locally_each:key_erase(t_l)),true));locally_each:key_asserta(t_l,t_l:sreader_options(logicmoo_read_kif,true)),notrace(nb_setarg(1,mquietly(locally_each:key_erase(t_l)),locally_each:key_erase(t_l))),notrace(fail))),B,each_call_cleanup:mquietly(locally_each:key_erase(t_l))).   %  init.pl:646: 
(47)$[each_call_cleanup] '<meta-call>'('<garbage_collected>').  no(clause) 
(49)[s3xpr] s3xpr:with_lisp_translation_stream(<stream>(0x55d28a578e00),baseKB:kif_process_once).   %  sreader.pl:109: 
(50)$[dcg_meta] dcg_meta:zalwayz(s3xpr:call_proc(baseKB:kif_process_once,[exactly,2,[[H1,tHouse]],[memberOf,H1,tTwoHouseSet]])).   %  dcg_meta.pl:514: 
(51)$[dcg_meta] notrace(catch(s3xpr:call_proc(baseKB:kif_process_once,[exactly,2,[[H1,tHouse]],[memberOf,H1,tTwoHouseSet]]),A,fail)).  no(clause) 
(52)$[system] '$c_call_prolog'.  no(clause) 
(53)$[system] catch(s3xpr:call_proc(baseKB:kif_process_once,[exactly,2,[[H1,tHouse]],[memberOf,H1,tTwoHouseSet]]),A,dcg_meta:fail).   %  init.pl:546: 
(54)[s3xpr] s3xpr:call_proc(baseKB:kif_process_once,[exactly,2,[[H1,tHouse]],[memberOf,H1,tTwoHouseSet]]).   %  sreader.pl:116: 
(56)<*>[must_sanity]# must_sanity:baseKB:once(kif_process([exactly,2,[[H1,tHouse]],[memberOf,H1,tTwoHouseSet]])).   %  must_sanity.pl:65: 
(57)$[system] once(baseKB:kif_process([exactly,2,[[H1,tHouse]],[memberOf,H1,tTwoHouseSet]])).   %  init.pl:519: 
(58)<*>$[common_logic_loader] common_logic_loader:kif_process([exactly,2,[[H1,tHouse]],[memberOf,H1,tTwoHouseSet]]).   %  common_logic_loader.pl:107: 
(61)<*>[ucatch] ucatch:one_must(bugger:dcall0(common_logic_loader:kif_process(tell,[exactly,2,[[H1,tHouse]],[memberOf,H1,tTwoHouseSet]])),bugger:(nop(dumpST),debugm1(common_logic_loader,show_failed(common_logic_loader,common_logic_loader:kif_process(tell,[exactly,2,[[H1,tHouse]],[memberOf,H1,tTwoHouseSet]]))),nop(break),!,fail)).   %  ucatch.pl:1713: 
(62)$[bugger] bugger:dcall0(common_logic_loader:kif_process(tell,[exactly,2,[[H1,tHouse]],[memberOf,H1,tTwoHouseSet]])).   %  bugger.pl:1399: 
(63)<*>$[common_logic_loader] common_logic_loader:kif_process(tell,[exactly,2,[[H1,tHouse]],[memberOf,H1,tTwoHouseSet]]).   %  common_logic_loader.pl:146: 
(66)<*>[ucatch] ucatch:one_must(bugger:dcall0(common_logic_loader:kif_process(tell,exactly(2,[[H1,tHouse]],memberOf(H1,tTwoHouseSet)))),bugger:(nop(dumpST),debugm1(common_logic_loader,show_failed(common_logic_loader,common_logic_loader:kif_process(tell,exactly(2,[[H1,tHouse]],memberOf(H1,tTwoHouseSet))))),nop(break),!,fail)).   %  ucatch.pl:1713: 
(67)$[bugger] bugger:dcall0(common_logic_loader:kif_process(tell,exactly(2,[[H1,tHouse]],memberOf(H1,tTwoHouseSet)))).   %  bugger.pl:1399: 
(72)<*>[ucatch] ucatch:one_must(bugger:dcall0(common_logic_loader:kif_add(exactly(2,[[H1,tHouse]],memberOf(H1,tTwoHouseSet)))),bugger:(nop(dumpST),debugm1(common_logic_loader,show_failed(common_logic_loader,common_logic_loader:kif_add(exactly(2,[[H1,tHouse]],memberOf(H1,tTwoHouseSet))))),nop(break),!,fail)).   %  ucatch.pl:1713: 
(73)$[bugger] bugger:dcall0(common_logic_loader:kif_add(exactly(2,[[H1,tHouse]],memberOf(H1,tTwoHouseSet)))).   %  bugger.pl:1399: 
(74)[common_logic_loader] common_logic_snark:kif_add(exactly(2,[[H1,tHouse]],memberOf(H1,tTwoHouseSet))).   %  common_logic_snark.pl:1664: 
(75)[common_logic_loader] common_logic_snark:kif_add2(exactly(2,[[H1,tHouse]],memberOf(H1,tTwoHouseSet))).   %  common_logic_snark.pl:1670: 
(76)[common_logic_loader] common_logic_snark:kif_to_boxlog(exactly(2,[[H1,tHouse]],memberOf(H1,tTwoHouseSet))).   %  common_logic_snark.pl:1063: 
(77)[common_logic_loader] common_logic_snark:kif_to_boxlog(exactly(2,[[H1,tHouse]],memberOf(H1,tTwoHouseSet)),A).   %  common_logic_snark.pl:1099: 
(78)<*>[must_sanity]# must_sanity:common_logic_loader:kif_to_boxlog(exactly(2,[[H1,tHouse]],memberOf(H1,tTwoHouseSet)),A,rule12:0).   %  must_sanity.pl:65: 
(79)[common_logic_loader] common_logic_snark:kif_to_boxlog(exactly(2,[[H1,tHouse]],memberOf(H1,tTwoHouseSet)),A,rule12:0).   %  common_logic_snark.pl:1107: 
(80)[locally_each] locally_each:w_o_c(common_logic_loader:kif_to_boxlog(exactly(2,[[H1,tHouse]],memberOf(H1,tTwoHouseSet)),KB,rule12:0,A)).   %  redo_locally.pl:86: 
(81)$[system] catch(locally_each:w_o_c(error,common_logic_loader:kif_to_boxlog(exactly(2,[[H1,tHouse]],memberOf(H1,tTwoHouseSet)),KB,rule12:0,A)),error(uninstantiation_error(H1),context(put_attr/3,'1-st argument')),locally_each:(wdmsg(w_o_c(error=error(uninstantiation_error(H1),context(put_attr/3,'1-st argument')),common_logic_loader:kif_to_boxlog(exactly(2,[[H1,tHouse]],memberOf(H1,tTwoHouseSet)),KB,rule12:0,A))),dumpST,wdmsg(w_o_c(error=error(uninstantiation_error(H1),context(put_attr/3,'1-st argument')),common_logic_loader:kif_to_boxlog(exactly(2,[[H1,tHouse]],memberOf(H1,tTwoHouseSet)),KB,rule12:0,A))),break,trace,common_logic_loader:kif_to_boxlog(exactly(2,[[H1,tHouse]],memberOf(H1,tTwoHouseSet)),KB,rule12:0,A))).   %  init.pl:546: 
(82)$[locally_each] '<meta-call>'(locally_each:(wdmsg(w_o_c(error=error(uninstantiation_error(H1),context(put_attr/3,'1-st argument')),common_logic_loader:kif_to_boxlog(exactly(2,[[H1,tHouse]],memberOf(H1,tTwoHouseSet)),KB,rule12:0,A))),dumpST,wdmsg(w_o_c(error=error(uninstantiation_error(H1),context(put_attr/3,'1-st argument')),common_logic_loader:kif_to_boxlog(exactly(2,[[H1,tHouse]],memberOf(H1,tTwoHouseSet)),KB,rule12:0,A))),break,trace,common_logic_loader:kif_to_boxlog(exactly(2,[[H1,tHouse]],memberOf(H1,tTwoHouseSet)),KB,rule12:0,A))).  no(clause) 
(83)[locally_each] dumpst:dumpST.   %  dumpst.pl:150: 
%~ w_o_c(error=error(uninstantiation_error(H1),context(put_attr/3,'1-st argument')),common_logic_loader:kif_to_boxlog(exactly(2,[[H1,tHouse]],memberOf(H1,tTwoHouseSet)),KB,rule12:0,_1830294))

%~ %~ correct_special_quantifiers:-quant(exactly(2),H1,memberOf(H1,tTwoHouseSet)&isa(H1,tHouse))%~ kifi=exactly(2,[[H1,tHouse]],memberOf(H1,tTwoHouseSet))%~ kifm=nesc(quant(exactly(2),H1,memberOf(H1,tTwoHouseSet)&isa(H1,tHouse)))%~ %~ as_sigma:-necessary(quant(exactly(2),H1,and(memberOf(H1,tTwoHouseSet),isa(H1,tHouse))))%~ kif_to_boxlog_attvars2 = necessary(quant(exactly(2),'$VAR'('H1'),and(memberOf('$VAR'('H1'),tTwoHouseSet),isa('$VAR'('H1'),tHouse))))%~ %~ as_dlog:-nesc(v(nesc(~quant(exactly(2),H1,isa(H1,tHouse))),quant(exactly(2),H1,memberOf(H1,tTwoHouseSet))))&nesc(v(nesc(~quant(exactly(2),H1,memberOf(H1,tTwoHouseSet))),quant(exactly(2),H1,isa(H1,tHouse))))



=======================================================
exactly(5,'[|]'('[|]'('$VAR'('H1'),'[|]'(tHouse,[])),[]),memberOf('$VAR'('H1'),tFiveHouseSet))
============================================


?- kif_to_boxlog( exactly(5,[[H1,tHouse]],memberOf(H1,tFiveHouseSet)) ).



% In English: 
%~ %%%%%%%%%%%%%%%%%%%%%%%%%%%%%%%%%%%%%%%%
%~  exactly(5,[[H1,tHouse]],memberOf(H1,tFiveHouseSet))
%~ 
%~ %%%%%%%%%%%%%%%%%%%%%%%%%%%%%%%%%%%%%%%%
%~ %~ correct_special_quantifiers:-quant(exactly(5),H1,memberOf(H1,tFiveHouseSet)&isa(H1,tHouse))
%~ kifi=exactly(5,[[H1,tHouse]],memberOf(H1,tFiveHouseSet))
%~ kifm=nesc(quant(exactly(5),H1,memberOf(H1,tFiveHouseSet)&isa(H1,tHouse)))
%~ kif_to_boxlog_attvars2 = necessary(quant(exactly(5),'$VAR'('H1'),and(memberOf('$VAR'('H1'),tFiveHouseSet),isa('$VAR'('H1'),tHouse))))
%~ w_o_c(error=error(uninstantiation_error(H1),context(put_attr/3,'1-st argument')),common_logic_loader:kif_to_boxlog(exactly(5,[[H1,tHouse]],memberOf(H1,tFiveHouseSet)),KB,rule13:0,_4150384))
(0)$[system] '$c_call_prolog'.  no(clause) 
(2)$[system] catch('$toplevel':initialise_prolog,A,'$toplevel':initialise_error(A)).   %  init.pl:546: 
(3)[$toplevel] initialise_prolog.   %  toplevel.pl:495: 
(4)<*>$[$toplevel] load_associated_files('<garbage_collected>').   %  toplevel.pl:450: 
(8)$[system] '$load_file'('kif_io_test_01.pl',user,'<garbage_collected>').   %  init.pl:2353: 
(11)$[system]# '$sig_atomic'(setup_call_cleanup(with_mutex('$load_file','$mt_start_load'('* https://logicmoo.org:2082/gitlab/logicmoo/logicmoo_workspace/-/blob/master/packs_sys/logicmoo_base/t/examples/fol/kif_io_test_01.pl ',<clause>(0x55d28ab01180),[expand(false)])),'$mt_do_load'(<clause>(0x55d28ab01180),'kif_io_test_01.pl','* https://logicmoo.org:2082/gitlab/logicmoo/logicmoo_workspace/-/blob/master/packs_sys/logicmoo_base/t/examples/fol/kif_io_test_01.pl ',user,[expand(false)]),'$mt_end_load'(<clause>(0x55d28ab01180)))).  no(clause) 
(12)$[system] '$c_call_prolog'.  no(clause) 
(14)$[system]# setup_call_catcher_cleanup(system:with_mutex('$load_file','$mt_start_load'('* https://logicmoo.org:2082/gitlab/logicmoo/logicmoo_workspace/-/blob/master/packs_sys/logicmoo_base/t/examples/fol/kif_io_test_01.pl ',<clause>(0x55d28ab01180),[expand(false)])),system:'$mt_do_load'(<clause>(0x55d28ab01180),'kif_io_test_01.pl','* https://logicmoo.org:2082/gitlab/logicmoo/logicmoo_workspace/-/blob/master/packs_sys/logicmoo_base/t/examples/fol/kif_io_test_01.pl ',user,[expand(false)]),A,system:'$mt_end_load'(<clause>(0x55d28ab01180))).   %  init.pl:646: 
(16)$[system]# '$qdo_load_file'('kif_io_test_01.pl','* https://logicmoo.org:2082/gitlab/logicmoo/logicmoo_workspace/-/blob/master/packs_sys/logicmoo_base/t/examples/fol/kif_io_test_01.pl ',user,[expand(false)]).   %  init.pl:2546: 
(19)<*>$[system]# '$do_load_file_2'('kif_io_test_01.pl','* https://logicmoo.org:2082/gitlab/logicmoo/logicmoo_workspace/-/blob/master/packs_sys/logicmoo_base/t/examples/fol/kif_io_test_01.pl ',user,compiled,[expand(false)]).   %  init.pl:2592: 
(23)$[system]# setup_call_catcher_cleanup(system:'$start_consult'('* https://logicmoo.org:2082/gitlab/logicmoo/logicmoo_workspace/-/blob/master/packs_sys/logicmoo_base/t/examples/fol/kif_io_test_01.pl ',1631494506.7323513),system:'$load_file'('* https://logicmoo.org:2082/gitlab/logicmoo/logicmoo_workspace/-/blob/master/packs_sys/logicmoo_base/t/examples/fol/kif_io_test_01.pl ','* https://logicmoo.org:2082/gitlab/logicmoo/logicmoo_workspace/-/blob/master/packs_sys/logicmoo_base/t/examples/fol/kif_io_test_01.pl ',A,[expand(false)]),B,system:'$end_consult'('* https://logicmoo.org:2082/gitlab/logicmoo/logicmoo_workspace/-/blob/master/packs_sys/logicmoo_base/t/examples/fol/kif_io_test_01.pl ',lexstate(202,swi),user)).   %  init.pl:646: 
(24)<*>$[system]# '$load_file'('* https://logicmoo.org:2082/gitlab/logicmoo/logicmoo_workspace/-/blob/master/packs_sys/logicmoo_base/t/examples/fol/kif_io_test_01.pl ','* https://logicmoo.org:2082/gitlab/logicmoo/logicmoo_workspace/-/blob/master/packs_sys/logicmoo_base/t/examples/fol/kif_io_test_01.pl ',A,[expand(false)]).   %  init.pl:3007: 
(30)<*>$[system] '$execute_directive_3'(kif_io).   %  init.pl:3574: 
(31)$[system] catch(baseKB:kif_io,error(A,B),system:'$exception_in_directive'(error(A,B))).   %  init.pl:546: 
(33)[baseKB] common_logic_loader:kif_io('<garbage_collected>','<garbage_collected>').   %  common_logic_loader.pl:228: 
(34)[baseKB] with_output_to(<stream>(0x55d277bb6900),load_clif(<stream>(0x55d28a578e00))).  no(clause) 
(35)$[system] '$c_call_prolog'.  no(clause) 
(42)$[locally_each] locally_each:wtl_how('<garbage_collected>','<garbage_collected>','<garbage_collected>','<garbage_collected>','<garbage_collected>').   %  redo_locally.pl:217: 
(46)$[system] setup_call_catcher_cleanup(locally_each:key_asserta(t_l,t_l:sreader_options(logicmoo_read_kif,true)),each_call_cleanup:((baseKB:with_lisp_translation(<stream>(0x55d28a578e00),kif_process_once),deterministic(A)),(notrace(A==true)->!;mquietly(locally_each:key_erase(t_l)),notrace(nb_setarg(1,mquietly(locally_each:key_erase(t_l)),true));locally_each:key_asserta(t_l,t_l:sreader_options(logicmoo_read_kif,true)),notrace(nb_setarg(1,mquietly(locally_each:key_erase(t_l)),locally_each:key_erase(t_l))),notrace(fail))),B,each_call_cleanup:mquietly(locally_each:key_erase(t_l))).   %  init.pl:646: 
(47)$[each_call_cleanup] '<meta-call>'('<garbage_collected>').  no(clause) 
(49)[s3xpr] s3xpr:with_lisp_translation_stream(<stream>(0x55d28a578e00),baseKB:kif_process_once).   %  sreader.pl:109: 
(50)$[dcg_meta] dcg_meta:zalwayz(s3xpr:call_proc(baseKB:kif_process_once,[exactly,5,[[H1,tHouse]],[memberOf,H1,tFiveHouseSet]])).   %  dcg_meta.pl:514: 
(51)$[dcg_meta] notrace(catch(s3xpr:call_proc(baseKB:kif_process_once,[exactly,5,[[H1,tHouse]],[memberOf,H1,tFiveHouseSet]]),A,fail)).  no(clause) 
(52)$[system] '$c_call_prolog'.  no(clause) 
(53)$[system] catch(s3xpr:call_proc(baseKB:kif_process_once,[exactly,5,[[H1,tHouse]],[memberOf,H1,tFiveHouseSet]]),A,dcg_meta:fail).   %  init.pl:546: 
(54)[s3xpr] s3xpr:call_proc(baseKB:kif_process_once,[exactly,5,[[H1,tHouse]],[memberOf,H1,tFiveHouseSet]]).   %  sreader.pl:116: 
(56)<*>[must_sanity]# must_sanity:baseKB:once(kif_process([exactly,5,[[H1,tHouse]],[memberOf,H1,tFiveHouseSet]])).   %  must_sanity.pl:65: 
(57)$[system] once(baseKB:kif_process([exactly,5,[[H1,tHouse]],[memberOf,H1,tFiveHouseSet]])).   %  init.pl:519: 
(58)<*>$[common_logic_loader] common_logic_loader:kif_process([exactly,5,[[H1,tHouse]],[memberOf,H1,tFiveHouseSet]]).   %  common_logic_loader.pl:107: 
(61)<*>[ucatch] ucatch:one_must(bugger:dcall0(common_logic_loader:kif_process(tell,[exactly,5,[[H1,tHouse]],[memberOf,H1,tFiveHouseSet]])),bugger:(nop(dumpST),debugm1(common_logic_loader,show_failed(common_logic_loader,common_logic_loader:kif_process(tell,[exactly,5,[[H1,tHouse]],[memberOf,H1,tFiveHouseSet]]))),nop(break),!,fail)).   %  ucatch.pl:1713: 
(62)$[bugger] bugger:dcall0(common_logic_loader:kif_process(tell,[exactly,5,[[H1,tHouse]],[memberOf,H1,tFiveHouseSet]])).   %  bugger.pl:1399: 
(63)<*>$[common_logic_loader] common_logic_loader:kif_process(tell,[exactly,5,[[H1,tHouse]],[memberOf,H1,tFiveHouseSet]]).   %  common_logic_loader.pl:146: 
(66)<*>[ucatch] ucatch:one_must(bugger:dcall0(common_logic_loader:kif_process(tell,exactly(5,[[H1,tHouse]],memberOf(H1,tFiveHouseSet)))),bugger:(nop(dumpST),debugm1(common_logic_loader,show_failed(common_logic_loader,common_logic_loader:kif_process(tell,exactly(5,[[H1,tHouse]],memberOf(H1,tFiveHouseSet))))),nop(break),!,fail)).   %  ucatch.pl:1713: 
[...]
^  Unify: (5) [$bags] findall(_1162314-_1162316, '$toplevel':'$init_goal'(when(main), _1162314, _1162316), _1162330)
^  Call: (6) [$bags] findall(_1162314-_1162316, '$toplevel':'$init_goal'(when(main), _1162314, _1162316), _1162330, [])
^  Unify: (6) [$bags] findall(_1162314-_1162316, '$toplevel':'$init_goal'(when(main), _1162314, _1162316), _1162330, [])
^  Call: (7) [$bags] setup_call_cleanup('$new_findall_bag', findall_loop(_1162314-_1162316, '$toplevel':'$init_goal'(when(main), _1162314, _1162316), _1162330, []), '$destroy_findall_bag')
^  Unify: (7) [system] setup_call_cleanup('$bags':'$new_findall_bag', '$bags':findall_loop(_1162314-_1162316, '$toplevel':'$init_goal'(when(main), _1162314, _1162316), _1162330, []), '$bags':'$destroy_findall_bag')
^  Call: (8) [system] setup_call_catcher_cleanup('$bags':'$new_findall_bag', '$bags':findall_loop(_1162314-_1162316, '$toplevel':'$init_goal'(when(main), _1162314, _1162316), _1162330, []), _1166202, '$bags':'$destroy_findall_bag')
^  Unify: (8) [system] setup_call_catcher_cleanup('$bags':'$new_findall_bag', '$bags':findall_loop(_1162314-_1162316, '$toplevel':'$init_goal'(when(main), _1162314, _1162316), _1162330, []), _1166834, '$bags':'$destroy_findall_bag')
   Call: (9) [$bags] findall_loop(_1162314-_1162316, '$toplevel':'$init_goal'(when(main), _1162314, _1162316), _1162330, [])
   Unify: (9) [$bags] findall_loop(_1162314-_1162316, '$toplevel':'$init_goal'(when(main), _1162314, _1162316), _1162330, [])
   Redo: (9) [$bags] findall_loop(_1162314-_1162316, '$toplevel':'$init_goal'(when(main), _1162314, _1162316), _1162330, [])
   Exit: (9) [$bags] findall_loop(_1162314-_1162316, '$toplevel':'$init_goal'(when(main), _1162314, _1162316), [(in1t:lisp_repl)-'/var/lib/jenkins/.local/share/swi-prolog/pack/wam_common_lisp/prolog/wam_cl/repl.pl':264], [])
^  Exit: (8) [system] setup_call_catcher_cleanup('$bags':'$new_findall_bag', '$bags':findall_loop(_1162314-_1162316, '$toplevel':'$init_goal'(when(main), _1162314, _1162316), [(in1t:lisp_repl)-'/var/lib/jenkins/.local/share/swi-prolog/pack/wam_common_lisp/prolog/wam_cl/repl.pl':264], []), exit, '$bags':'$destroy_findall_bag')
^  Exit: (7) [system] setup_call_cleanup('$bags':'$new_findall_bag', '$bags':findall_loop(_1162314-_1162316, '$toplevel':'$init_goal'(when(main), _1162314, _1162316), [(in1t:lisp_repl)-'/var/lib/jenkins/.local/share/swi-prolog/pack/wam_common_lisp/prolog/wam_cl/repl.pl':264], []), '$bags':'$destroy_findall_bag')
^  Exit: (6) [$bags] findall(_1162314-_1162316, '$toplevel':'$init_goal'(when(main), _1162314, _1162316), [(in1t:lisp_repl)-'/var/lib/jenkins/.local/share/swi-prolog/pack/wam_common_lisp/prolog/wam_cl/repl.pl':264], [])
^  Exit: (5) [$bags] findall(_1162314-_1162316, '$toplevel':'$init_goal'(when(main), _1162314, _1162316), [(in1t:lisp_repl)-'/var/lib/jenkins/.local/share/swi-prolog/pack/wam_common_lisp/prolog/wam_cl/repl.pl':264])
   Call: (5) [system] current_prolog_flag(toplevel_goal, default)
   Redo: (4) [$toplevel] run_main_init
   Call: (5) [system] true
   Exit: (5) [system] true
   Call: (5) [$toplevel] run_init_goal(in1t:lisp_repl, @(in1t:lisp_repl, '/var/lib/jenkins/.local/share/swi-prolog/pack/wam_common_lisp/prolog/wam_cl/repl.pl':264))
   Unify: (5) [$toplevel] run_init_goal(in1t:lisp_repl, @(in1t:lisp_repl, '/var/lib/jenkins/.local/share/swi-prolog/pack/wam_common_lisp/prolog/wam_cl/repl.pl':264))
^  Call: (6) [$toplevel] catch_with_backtrace(user:in1t:lisp_repl, _1176144, true)
^  Unify: (6) [system] catch_with_backtrace(in1t:lisp_repl, _1176144, '$toplevel':true)
^  Call: (8) [in1t] in1t:lisp_repl
^  Unify: (8) [in1t] in1t:lisp_repl
^  Call: (9) [in1t] must(do_wamcl_inits)
^  Unify: (9) [must_sanity] must(in1t:do_wamcl_inits)
^  Call: (10) [in1t] in1t:do_wamcl_inits
^  Unify: (10) [in1t] in1t:do_wamcl_inits
   Call: (11) [system] current_prolog_flag(wamcl_init_level, _1181158)
   Exit: (11) [system] current_prolog_flag(wamcl_init_level, 7)
   Call: (11) [system] 7>5
   Exit: (11) [system] 7>5
^  Exit: (10) [in1t] in1t:do_wamcl_inits
   Call: (10) [system] true
   Exit: (10) [system] true
^  Exit: (9) [must_sanity] must(in1t:do_wamcl_inits)
^  Call: (9) [in1t] must(lisp_goal)
^  Unify: (9) [must_sanity] must(in1t:lisp_goal)
^  Call: (10) [in1t] in1t:lisp_goal
^  Unify: (10) [in1t] in1t:lisp_goal
^  Call: (11) [in1t] in1t:is_using_lisp_main
^  Unify: (11) [in1t] in1t:is_using_lisp_main
   Call: (12) [system] current_prolog_flag(lisp_main, _1189854)
   Exit: (12) [system] current_prolog_flag(lisp_main, [])
   Call: (12) [system] []\==[]
   Fail: (12) [system] []\==[]
^  Fail: (11) [in1t] in1t:is_using_lisp_main
^  Redo: (10) [in1t] in1t:lisp_goal
^  Unify: (10) [in1t] in1t:lisp_goal
^  Call: (11) [in1t] in1t:is_making_lisp_exe
^  Unify: (11) [in1t] in1t:is_making_lisp_exe
   Call: (12) [system] current_prolog_flag(lisp_exe, _1195388)
   Exit: (12) [system] current_prolog_flag(lisp_exe, [])
   Call: (12) [system] []\==[]
   Fail: (12) [system] []\==[]
^  Fail: (11) [in1t] in1t:is_making_lisp_exe
^  Redo: (10) [in1t] in1t:lisp_goal
^  Unify: (10) [in1t] in1t:lisp_goal
^  Call: (11) [in1t] in1t:lisp_goal_pt1
^  Unify: (11) [in1t] in1t:lisp_goal_pt1
   Call: (12) [system] current_prolog_flag(lisp_pre_goal, _1200922)
   Exit: (12) [system] current_prolog_flag(lisp_pre_goal, true)
   Call: (12) [system] true\==[]
   Exit: (12) [system] true\==[]
   Call: (12) [system] true
   Exit: (12) [system] true
^  Exit: (11) [in1t] in1t:lisp_goal_pt1
^  Call: (11) [in1t] in1t:lisp_goal_pt2
^  Unify: (11) [in1t] in1t:lisp_goal_pt2
   Call: (12) [system] current_prolog_flag(lisp_repl_goal, _1206444)
   Exit: (12) [system] current_prolog_flag(lisp_repl_goal, true)
   Call: (12) [system] true\==[]
   Exit: (12) [system] true\==[]
   Call: (12) [system] true
   Exit: (12) [system] true
^  Exit: (11) [in1t] in1t:lisp_goal_pt2
^  Exit: (10) [in1t] in1t:lisp_goal
   Call: (10) [system] true
   Exit: (10) [system] true
^  Exit: (9) [must_sanity] must(in1t:lisp_goal)
^  Exit: (8) [in1t] in1t:lisp_repl
^  Exit: (6) [system] catch_with_backtrace(in1t:lisp_repl, _1176144, '$toplevel':true)
   Call: (6) [system] var(_1176144)
   Exit: (6) [system] var(_1176144)
   Call: (6) [system] true
   Exit: (6) [system] true
   Exit: (5) [$toplevel] run_init_goal(in1t:lisp_repl, @(in1t:lisp_repl, '/var/lib/jenkins/.local/share/swi-prolog/pack/wam_common_lisp/prolog/wam_cl/repl.pl':264))
   Exit: (4) [$toplevel] run_main_init
   Exit: (3) [$toplevel] initialise_prolog

% halt
totalTime=1

FAILED: /var/lib/jenkins/workspace/logicmoo_workspace/bin/lmoo-junit-minor -k min_fail_01.pl (returned 0)]]></system-err>
</testcase> JUNIT_TESTS_GTOTAL_FAILURES=1

<!-- FileTestCase=logicmoo.pfc.test.sanity_base.DF_01@Test_9999_Line_9999__Exitcode_7  -->

<!-- CMD=timeout ==foreground ==preserve=status =s SIGKILL =k 10s 10s lmoo=clif df_01.pfc  -->

<!--  (cd /var/lib/jenkins/workspace/logicmoo_workspace/packs_sys/pfc/t/sanity_base ; timeout ==foreground ==preserve=status =s SIGKILL =k 10s 10s lmoo=clif df_01.pfc)  -->

<!-- Latest: https://jenkins.logicmoo.org/job/logicmoo_workspace/lastBuild/testReport/logicmoo.pfc.test.sanity_base/DF_01/logicmoo_pfc_test_sanity_base_DF_01_Test_9999_Line_9999__Exitcode_7/  -->

<!-- This: https://jenkins.logicmoo.org/job/logicmoo_workspace/41/testReport/logicmoo.pfc.test.sanity_base/DF_01/logicmoo_pfc_test_sanity_base_DF_01_Test_9999_Line_9999__Exitcode_7/  -->

<!-- totalTime=1  -->

<!-- SUCCESS: /var/lib/jenkins/workspace/logicmoo_workspace/bin/lmoo=junit=minor =k df_01.pfc (returned 7)  -->

<testcase name="logicmoo.pfc.test.sanity_base.DF_01@Test_9999_Line_9999__Exitcode_7" classname='logicmoo.pfc.test.sanity_base.DF_01' time='1'>

<system-out><![CDATA[%
running('/var/lib/jenkins/workspace/logicmoo_workspace/packs_sys/pfc/t/sanity_base/df_01.pfc'),
%~ this_test_might_need( :-( use_module( library(logicmoo_plarkc))))


:- expects_dialect(pfc).



:- show_call(defaultAssertMt(_)).
%~ debugm(baseKB,show_success(baseKB,baseKB:defaultAssertMt(baseKB)))

:- show_call(fileAssertMt(_)).

%~ debugm(baseKB,show_success(baseKB,baseKB:fileAssertMt(baseKB)))


:- dynamic(meta_argtypes/1).

%
%  PFC is a language extension for prolog.. there is so much that can be done in this language extension to Prolog
%
% Dec 13, 2035
% Douglas Miles
%  cls ; kill -9 %1 ; fg ; swipl -g "ensure_loaded(pack(logicmoo_base/t/examples/base/'sanity_abc.pfc'))."
 


%
%  PFC is a language extension for prolog.. there is so much that can be done in this language extension to Prolog
%
% Dec 13, 2035
% Douglas Miles
%  cls ; kill -9 %1 ; fg ; swipl -g "ensure_loaded(pack(logicmoo_base/t/examples/base/'sanity_abc.pfc'))."
 
:- dynamic(most/1).



:- expects_dialect(pfc).



meta_argtypes(most(ftAssertable)).

% BWD chaining


% BWD chaining
most((Q <- P))/mpred_literal(Q) ==> (Q <-(P, \+ ~(Q))).

% FWD chaining


% FWD chaining
most(P==>Q)/nonvar(Q) ==> (((P ==> most(Q)))).

% NEG chaining


% NEG chaining
most(~Q)/mpred_positive_literal(Q)  ==>  (( \+ Q ) ==> ~ Q ).

% POS chaining 1


% POS chaining 1
most(Q)/(mpred_positive_literal(Q),if_missing_mask(Q,R,Test)) ==> (  ( ( \+R /Test , (\+ ~ Q)) ==> Q )).

% POS chaining 2


% POS chaining 2
most(Q)/(mpred_positive_literal(Q),if_missing_mask(Q,R,Test)) ==> ( ((R/( \+(R=Q), Test)) ==> (\+ Q))).

% POS chaining 1+2
% most(Q)/(mpred_positive_literal(Q),if_missing_mask(Q,R,Test)) ==> (  ( ( \+R /Test ) ==> Q ) ,((R/( \+(R=Q), Test)) ==> (\+ Q))).

% most(Q) ==> if_missing(Q,Q).

%(most(P=>Q)/(mpred_literal_nv(Q),if_missing_mask(Q,R,Test)))  ==> ((P, \+ R/Test) => Q).
%(most(P=>Q)/nonvar(Q)) ==> (P => most(Q)).




% POS chaining 1+2
% most(Q)/(mpred_positive_literal(Q),if_missing_mask(Q,R,Test)) ==> (  ( ( \+R /Test ) ==> Q ) ,((R/( \+(R=Q), Test)) ==> (\+ Q))).

% most(Q) ==> if_missing(Q,Q).

%(most(P=>Q)/(mpred_literal_nv(Q),if_missing_mask(Q,R,Test)))  ==> ((P, \+ R/Test) => Q).
%(most(P=>Q)/nonvar(Q)) ==> (P => most(Q)).


:- dynamic((a/1,b/1,c/1)).



a(X) ==> c(X).

most(c(X) ==> b(X)) .

a(1).



:- listing([a/1,b/1,c/1,(==>)/2,most/1,'$pt','$nt','$bt']).

%~ /var/lib/jenkins/workspace/logicmoo_workspace/packs_sys/pfc/t/sanity_base/df_01.pfc:63 
%~ skipped( listing( [ a/1, b/1,c/1,(==>)/2,most/1,'$pt',
%~                     '$nt','$bt']))


:- mpred_test(b(1)).

%~ mpred_test("Test_0001_Line_0000__b_1",baseKB:b(1))
/*~
%~ mpred_test("Test_0001_Line_0000__b_1",baseKB:b(1))
passed=info(why_was_true(baseKB:b(1)))
no_proof_for(b(1)).

no_proof_for(b(1)).

no_proof_for(b(1)).

	name	='logicmoo.pfc.test.sanity_base.DF_01-Test_0001_Line_0000__b_1'.
	JUNIT_CLASSNAME	='logicmoo.pfc.test.sanity_base.DF_01'.
	JUNIT_CMD	='timeout --foreground --preserve-status -s SIGKILL -k 10s 10s lmoo-clif df_01.pfc'.
% saving_junit: /var/lib/jenkins/workspace/logicmoo_workspace/test_results/jenkins/Report-logicmoo-junit-test-sanity_base-vSTARvfvSTARv_01vDOTvpvSTARv-Units-logicmoo.pfc.test.sanity_base.DF_01-Test_0001_Line_0000__b_1-junit.xml
~*/


:- mpred_why(b(1)).

% Justifications for b(1):
%     1.1 \+ ~(b(1))
%     1.2 ==>(\+ ~(b(1)),b(1))


/*~
no_proof_for(b(1)).

no_proof_for(b(1)).

no_proof_for(b(1)).

~*/


% Justifications for b(1):
%     1.1 \+ ~(b(1))
%     1.2 ==>(\+ ~(b(1)),b(1))


~b(1).



:- mpred_test(\+ b(1)).

%~ /var/lib/jenkins/workspace/logicmoo_workspace/packs_sys/pfc/t/sanity_base/df_01.pfc:76 
%~ mpred_test("Test_0002_Line_0000__naf_b_1",baseKB:(\+b(1)))
/*~
%~ mpred_test("Test_0002_Line_0000__naf_b_1",baseKB:(\+b(1)))
^  Call: (68) [baseKB] baseKB:b(1)
^  Unify: (68) [baseKB] baseKB:b(1)
^  Exit: (68) [baseKB] baseKB:b(1)
^  Call: (68) [must_sanity] must_sanity:mquietly_if(true, rtrace:tAt_normal)
^  Unify: (68) [must_sanity] must_sanity:mquietly_if(true, rtrace:tAt_normal)
failure=info((why_was_true(baseKB:b(1)),rtrace(baseKB:(\+b(1)))))
no_proof_for(b(1)).

no_proof_for(b(1)).

no_proof_for(b(1)).

	name	='logicmoo.pfc.test.sanity_base.DF_01-Test_0002_Line_0000__naf_b_1'.
	JUNIT_CLASSNAME	='logicmoo.pfc.test.sanity_base.DF_01'.
	JUNIT_CMD	='timeout --foreground --preserve-status -s SIGKILL -k 10s 10s lmoo-clif df_01.pfc'.
% saving_junit: /var/lib/jenkins/workspace/logicmoo_workspace/test_results/jenkins/Report-logicmoo-junit-test-sanity_base-vSTARvfvSTARv_01vDOTvpvSTARv-Units-logicmoo.pfc.test.sanity_base.DF_01-Test_0002_Line_0000__naf_b_1-junit.xml
~*/
%~ unused(save_junit_results)
%~ test_completed_exit(7)
totalTime=1

SUCCESS: /var/lib/jenkins/workspace/logicmoo_workspace/bin/lmoo-junit-minor -k df_01.pfc (returned 7)]]></system-out>
</testcase>

<!-- FileTestCase=logicmoo.pfc.test.sanity_base.IF_MISSING_01@Test_9999_Line_9999__Exitcode_7  -->

<!-- CMD=timeout ==foreground ==preserve=status =s SIGKILL =k 10s 10s lmoo=clif if_missing_01.pfc  -->

<!--  (cd /var/lib/jenkins/workspace/logicmoo_workspace/packs_sys/pfc/t/sanity_base ; timeout ==foreground ==preserve=status =s SIGKILL =k 10s 10s lmoo=clif if_missing_01.pfc)  -->

<!-- Latest: https://jenkins.logicmoo.org/job/logicmoo_workspace/lastBuild/testReport/logicmoo.pfc.test.sanity_base/IF_MISSING_01/logicmoo_pfc_test_sanity_base_IF_MISSING_01_Test_9999_Line_9999__Exitcode_7/  -->

<!-- This: https://jenkins.logicmoo.org/job/logicmoo_workspace/41/testReport/logicmoo.pfc.test.sanity_base/IF_MISSING_01/logicmoo_pfc_test_sanity_base_IF_MISSING_01_Test_9999_Line_9999__Exitcode_7/  -->

<!-- totalTime=1  -->

<!-- SUCCESS: /var/lib/jenkins/workspace/logicmoo_workspace/bin/lmoo=junit=minor =k if_missing_01.pfc (returned 7)  -->

<testcase name="logicmoo.pfc.test.sanity_base.IF_MISSING_01@Test_9999_Line_9999__Exitcode_7" classname='logicmoo.pfc.test.sanity_base.IF_MISSING_01' time='1'>

<system-out><![CDATA[%
running('/var/lib/jenkins/workspace/logicmoo_workspace/packs_sys/pfc/t/sanity_base/if_missing_01.pfc'),
%~ this_test_might_need( :-( use_module( library(logicmoo_plarkc))))


:- dynamic(foob/1).





:- debug_logicmoo(logicmoo(_)).
 % :- mpred_trace_exec.


 % :- mpred_trace_exec.

:- expects_dialect(pfc).

% this should have been ok
% (if_missing(Missing,Create) ==> ((\+ Missing/(Missing\==Create), \+ Create , \+ ~(Create)) ==> Create)).



% this should have been ok
% (if_missing(Missing,Create) ==> ((\+ Missing/(Missing\==Create), \+ Create , \+ ~(Create)) ==> Create)).

if_missing(Missing,Create) ==>  
   ( ( \+ Missing/(
                  %  nonvar(Missing),nonvar(Create),
  Missing\=@=Create))
 ==> Create).

   % prevents segfaults


   % prevents segfaults
:- set_prolog_flag(gc,true).

% :- rtrace.


% :- rtrace.
if_missing(foob(_),foob(a)).

:- nortrace.





:- mpred_test(foob(a)).

%~ mpred_test("Test_0001_Line_0000__A",baseKB:foob(a))
/*~
%~ mpred_test("Test_0001_Line_0000__A",baseKB:foob(a))
passed=info(why_was_true(baseKB:foob(a)))
no_proof_for(foob(a)).

no_proof_for(foob(a)).

no_proof_for(foob(a)).

	name	='logicmoo.pfc.test.sanity_base.IF_MISSING_01-Test_0001_Line_0000__A'.
	JUNIT_CLASSNAME	='logicmoo.pfc.test.sanity_base.IF_MISSING_01'.
	JUNIT_CMD	='timeout --foreground --preserve-status -s SIGKILL -k 10s 10s lmoo-clif if_missing_01.pfc'.
% saving_junit: /var/lib/jenkins/workspace/logicmoo_workspace/test_results/jenkins/Report-logicmoo-junit-test-sanity_base-vSTARvfvSTARv_01vDOTvpvSTARv-Units-logicmoo.pfc.test.sanity_base.IF_MISSING_01-Test_0001_Line_0000__A-junit.xml
~*/


:- set_prolog_flag(gc,false).



:- ain(foob(b)).



:- mpred_test(\+foob(a)).

%~ mpred_test("Test_0002_Line_0000__naf_A",baseKB:(\+foob(a)))
/*~
%~ mpred_test("Test_0002_Line_0000__naf_A",baseKB:(\+foob(a)))
passed=info(why_was_true(baseKB:(\+foob(a))))
no_proof_for(\+foob(a)).

no_proof_for(\+foob(a)).

no_proof_for(\+foob(a)).

	name	='logicmoo.pfc.test.sanity_base.IF_MISSING_01-Test_0002_Line_0000__naf_A'.
	JUNIT_CLASSNAME	='logicmoo.pfc.test.sanity_base.IF_MISSING_01'.
	JUNIT_CMD	='timeout --foreground --preserve-status -s SIGKILL -k 10s 10s lmoo-clif if_missing_01.pfc'.
% saving_junit: /var/lib/jenkins/workspace/logicmoo_workspace/test_results/jenkins/Report-logicmoo-junit-test-sanity_base-vSTARvfvSTARv_01vDOTvpvSTARv-Units-logicmoo.pfc.test.sanity_base.IF_MISSING_01-Test_0002_Line_0000__naf_A-junit.xml
~*/


:- mpred_test(foob(b)).

%~ mpred_test("Test_0003_Line_0000__B",baseKB:foob(b))
%~ FIlE: * https://logicmoo.org:2082/gitlab/logicmoo/logicmoo_workspace/-/blob/master/packs_sys/pfc/t/sanity_base/if_missing_01.pfc#L45  
/*~
%~ mpred_test("Test_0003_Line_0000__B",baseKB:foob(b))
passed=info(why_was_true(baseKB:foob(b)))

Justifications for foob(b):
    1.1 mfl4(_,baseKB,'* https://logicmoo.org:2082/gitlab/logicmoo/logicmoo_workspace/-/blob/master/packs_sys/pfc/t/sanity_base/if_missing_01.pfc#L41 ',41) 
	name	='logicmoo.pfc.test.sanity_base.IF_MISSING_01-Test_0003_Line_0000__B'.
	JUNIT_CLASSNAME	='logicmoo.pfc.test.sanity_base.IF_MISSING_01'.
	JUNIT_CMD	='timeout --foreground --preserve-status -s SIGKILL -k 10s 10s lmoo-clif if_missing_01.pfc'.
% saving_junit: /var/lib/jenkins/workspace/logicmoo_workspace/test_results/jenkins/Report-logicmoo-junit-test-sanity_base-vSTARvfvSTARv_01vDOTvpvSTARv-Units-logicmoo.pfc.test.sanity_base.IF_MISSING_01-Test_0003_Line_0000__B-junit.xml
~*/


:- ain(~foob(b)).



:- mpred_test(\+foob(b)).

%~ mpred_test("Test_0004_Line_0000__naf_B",baseKB:(\+foob(b)))
%~ FIlE: * https://logicmoo.org:2082/gitlab/logicmoo/logicmoo_workspace/-/blob/master/packs_sys/pfc/t/sanity_base/if_missing_01.pfc#L49  
/*~
%~ mpred_test("Test_0004_Line_0000__naf_B",baseKB:(\+foob(b)))
passed=info(why_was_true(baseKB:(\+foob(b))))

Justifications for ~foob(b):
    1.1 mfl4(_,baseKB,'* https://logicmoo.org:2082/gitlab/logicmoo/logicmoo_workspace/-/blob/master/packs_sys/pfc/t/sanity_base/if_missing_01.pfc#L47 ',47) 
	name	='logicmoo.pfc.test.sanity_base.IF_MISSING_01-Test_0004_Line_0000__naf_B'.
	JUNIT_CLASSNAME	='logicmoo.pfc.test.sanity_base.IF_MISSING_01'.
	JUNIT_CMD	='timeout --foreground --preserve-status -s SIGKILL -k 10s 10s lmoo-clif if_missing_01.pfc'.
% saving_junit: /var/lib/jenkins/workspace/logicmoo_workspace/test_results/jenkins/Report-logicmoo-junit-test-sanity_base-vSTARvfvSTARv_01vDOTvpvSTARv-Units-logicmoo.pfc.test.sanity_base.IF_MISSING_01-Test_0004_Line_0000__naf_B-junit.xml
~*/


:- mpred_test(foob(a)).

%~ mpred_test("Test_0005_Line_0000__A",baseKB:foob(a))
/*~
%~ mpred_test("Test_0005_Line_0000__A",baseKB:foob(a))
passed=info(why_was_true(baseKB:foob(a)))
no_proof_for(foob(a)).

no_proof_for(foob(a)).

no_proof_for(foob(a)).

	name	='logicmoo.pfc.test.sanity_base.IF_MISSING_01-Test_0005_Line_0000__A'.
	JUNIT_CLASSNAME	='logicmoo.pfc.test.sanity_base.IF_MISSING_01'.
	JUNIT_CMD	='timeout --foreground --preserve-status -s SIGKILL -k 10s 10s lmoo-clif if_missing_01.pfc'.
% saving_junit: /var/lib/jenkins/workspace/logicmoo_workspace/test_results/jenkins/Report-logicmoo-junit-test-sanity_base-vSTARvfvSTARv_01vDOTvpvSTARv-Units-logicmoo.pfc.test.sanity_base.IF_MISSING_01-Test_0005_Line_0000__A-junit.xml
~*/


if_missing(fooc(_),fooc(a)).



:- mpred_test(fooc(a)).

%~ mpred_test("Test_0006_Line_0000__A",baseKB:fooc(a))
/*~
%~ mpred_test("Test_0006_Line_0000__A",baseKB:fooc(a))
passed=info(why_was_true(baseKB:fooc(a)))
no_proof_for(fooc(a)).

no_proof_for(fooc(a)).

no_proof_for(fooc(a)).

	name	='logicmoo.pfc.test.sanity_base.IF_MISSING_01-Test_0006_Line_0000__A'.
	JUNIT_CLASSNAME	='logicmoo.pfc.test.sanity_base.IF_MISSING_01'.
	JUNIT_CMD	='timeout --foreground --preserve-status -s SIGKILL -k 10s 10s lmoo-clif if_missing_01.pfc'.
% saving_junit: /var/lib/jenkins/workspace/logicmoo_workspace/test_results/jenkins/Report-logicmoo-junit-test-sanity_base-vSTARvfvSTARv_01vDOTvpvSTARv-Units-logicmoo.pfc.test.sanity_base.IF_MISSING_01-Test_0006_Line_0000__A-junit.xml
~*/
%~ unused(save_junit_results)
%~ test_completed_exit(7)
totalTime=1

SUCCESS: /var/lib/jenkins/workspace/logicmoo_workspace/bin/lmoo-junit-minor -k if_missing_01.pfc (returned 7)]]></system-out>
</testcase>


</testsuite>





</testsuites>



